2021-04-28 17:45:23,747 [WARN] from controllers.jpro in application-akka.actor.default-dispatcher-7 - jpro.plainFile - Couldn't get resource for: 'jpro/html/apple-touch-icon-precomposed.png'
2021-04-28 17:45:23,760 [WARN] from controllers.jpro in application-akka.actor.default-dispatcher-4 - jpro.plainFile - Couldn't get resource for: 'jpro/html/apple-touch-icon.png'
2021-04-28 17:45:25,098 [WARN] from com.gluonhq.attach.util.impl.DefaultServiceFactory in JavaFX Application Thread - No new instance for interface com.gluonhq.attach.display.DisplayService and class com.gluonhq.attach.display.impl.DesktopDisplayService
2021-04-28 17:45:29,307 [WARN] from javafx.css in JavaFX Application Thread - Caught java.lang.IllegalArgumentException: Parsed value is not an Effect' while calculating value for '-fx-effect' from rule '*.section-pane' in stylesheet file:/Users/lemmi/git/JFXCentral/src/main/resources/com/dlsc/jfxcentral/styles.css
2021-04-28 17:45:29,349 [WARN] from javafx.css in JavaFX Application Thread - Caught java.lang.IllegalArgumentException: Parsed value is not an Effect' while calculating value for '-fx-effect' from rule '*.section-pane' in stylesheet file:/Users/lemmi/git/JFXCentral/src/main/resources/com/dlsc/jfxcentral/styles.css
2021-04-28 17:45:29,404 [WARN] from javafx.css in JavaFX Application Thread - Caught java.lang.IllegalArgumentException: Parsed value is not an Effect' while calculating value for '-fx-effect' from rule '*.section-pane' in stylesheet file:/Users/lemmi/git/JFXCentral/src/main/resources/com/dlsc/jfxcentral/styles.css
2021-04-28 17:45:29,411 [WARN] from javafx.css in JavaFX Application Thread - Caught java.lang.IllegalArgumentException: Parsed value is not an Effect' while calculating value for '-fx-effect' from rule '*.section-pane' in stylesheet file:/Users/lemmi/git/JFXCentral/src/main/resources/com/dlsc/jfxcentral/styles.css
2021-04-28 17:45:29,740 [WARN] from javafx.css in JavaFX Application Thread - Error loading image: file:/Users/lemmi/git/JFXCentral/src/main/resources/com/dlsc/jfxcentral/transparency.png
2021-04-28 17:45:29,748 [WARN] from javafx.css in JavaFX Application Thread - Error loading image: file:/Users/lemmi/git/JFXCentral/src/main/resources/com/dlsc/jfxcentral/transparency.png
2021-04-28 17:45:29,784 [WARN] from javafx.css in JavaFX Application Thread - Error loading image: file:/Users/lemmi/git/JFXCentral/src/main/resources/com/dlsc/jfxcentral/transparency.png
2021-04-28 17:45:29,805 [WARN] from controllers.jpro in application-akka.actor.default-dispatcher-18 - jpro.plainFile - Couldn't get resource for: 'jpro/html/null'
2021-04-28 17:45:29,848 [WARN] from javafx.css in JavaFX Application Thread - Error loading image: file:/Users/lemmi/git/JFXCentral/src/main/resources/com/dlsc/jfxcentral/transparency.png
2021-04-28 17:45:32,100 [WARN] from javafx.css in JavaFX Application Thread - Error loading image: file:/Users/lemmi/git/JFXCentral/src/main/resources/com/dlsc/jfxcentral/transparency.png
2021-04-28 17:45:32,101 [WARN] from javafx.css in JavaFX Application Thread - Error loading image: file:/Users/lemmi/git/JFXCentral/src/main/resources/com/dlsc/jfxcentral/transparency.png
2021-04-28 17:45:32,106 [WARN] from javafx.css in JavaFX Application Thread - Error loading image: file:/Users/lemmi/git/JFXCentral/src/main/resources/com/dlsc/jfxcentral/transparency.png
2021-04-28 17:45:32,108 [WARN] from javafx.css in JavaFX Application Thread - Error loading image: file:/Users/lemmi/git/JFXCentral/src/main/resources/com/dlsc/jfxcentral/transparency.png
2021-04-28 17:45:32,179 [WARN] from javafx.css in JavaFX Application Thread - Error loading image: file:/Users/lemmi/git/JFXCentral/src/main/resources/com/dlsc/jfxcentral/transparency.png
2021-04-28 17:45:40,361 [WARN] from javafx.css in JavaFX Application Thread - Error loading image: file:/Users/lemmi/git/JFXCentral/src/main/resources/com/dlsc/jfxcentral/transparency.png
2021-04-28 17:45:40,412 [WARN] from com.gluonhq.attach.util.impl.DefaultServiceFactory in JavaFX Application Thread - No new instance for interface com.gluonhq.attach.browser.BrowserService and class com.gluonhq.attach.browser.impl.DesktopBrowserService
2021-04-28 17:45:57,927 [WARN] from com.gluonhq.attach.util.impl.DefaultServiceFactory in JavaFX Application Thread - No new instance for interface com.gluonhq.attach.browser.BrowserService and class com.gluonhq.attach.browser.impl.DesktopBrowserService
2021-04-28 17:46:39,750 [WARN] from com.gluonhq.attach.util.impl.DefaultServiceFactory in JavaFX Application Thread - No new instance for interface com.gluonhq.attach.browser.BrowserService and class com.gluonhq.attach.browser.impl.DesktopBrowserService
2021-04-28 17:46:47,846 [WARN] from com.gluonhq.attach.util.impl.DefaultServiceFactory in JavaFX Application Thread - No new instance for interface com.gluonhq.attach.browser.BrowserService and class com.gluonhq.attach.browser.impl.DesktopBrowserService
2021-04-28 17:47:44,734 [WARN] from com.gluonhq.attach.util.impl.DefaultServiceFactory in JavaFX Application Thread - No new instance for interface com.gluonhq.attach.orientation.OrientationService and class com.gluonhq.attach.orientation.impl.DesktopOrientationService
2021-04-28 17:47:44,735 [WARN] from com.gluonhq.attach.util.impl.DefaultServiceFactory in JavaFX Application Thread - No new instance for interface com.gluonhq.attach.audio.AudioService and class com.gluonhq.attach.audio.impl.DesktopAudioService
2021-04-28 17:47:44,759 [WARN] from com.gluonhq.attach.util.impl.DefaultServiceFactory in JavaFX Application Thread - No new instance for interface com.gluonhq.attach.display.DisplayService and class com.gluonhq.attach.display.impl.DesktopDisplayService
2021-04-28 17:47:58,282 [WARN] from javafx.css in JavaFX Application Thread - Caught java.lang.IllegalArgumentException: Parsed value is not an Effect' while calculating value for '-fx-effect' from rule '*.section-pane' in stylesheet file:/Users/lemmi/git/JFXCentral/src/main/resources/com/dlsc/jfxcentral/styles.css
2021-04-28 17:47:58,321 [WARN] from javafx.css in JavaFX Application Thread - Caught java.lang.IllegalArgumentException: Parsed value is not an Effect' while calculating value for '-fx-effect' from rule '*.section-pane' in stylesheet file:/Users/lemmi/git/JFXCentral/src/main/resources/com/dlsc/jfxcentral/styles.css
2021-04-28 17:47:58,375 [WARN] from javafx.css in JavaFX Application Thread - Caught java.lang.IllegalArgumentException: Parsed value is not an Effect' while calculating value for '-fx-effect' from rule '*.section-pane' in stylesheet file:/Users/lemmi/git/JFXCentral/src/main/resources/com/dlsc/jfxcentral/styles.css
2021-04-28 17:47:58,383 [WARN] from javafx.css in JavaFX Application Thread - Caught java.lang.IllegalArgumentException: Parsed value is not an Effect' while calculating value for '-fx-effect' from rule '*.section-pane' in stylesheet file:/Users/lemmi/git/JFXCentral/src/main/resources/com/dlsc/jfxcentral/styles.css
2021-04-28 17:47:58,685 [WARN] from javafx.css in JavaFX Application Thread - Error loading image: file:/Users/lemmi/git/JFXCentral/src/main/resources/com/dlsc/jfxcentral/transparency.png
2021-04-28 17:47:58,686 [WARN] from javafx.css in JavaFX Application Thread - Error loading image: file:/Users/lemmi/git/JFXCentral/src/main/resources/com/dlsc/jfxcentral/transparency.png
2021-04-28 17:47:58,691 [WARN] from javafx.css in JavaFX Application Thread - Error loading image: file:/Users/lemmi/git/JFXCentral/src/main/resources/com/dlsc/jfxcentral/transparency.png
2021-04-28 17:47:58,694 [WARN] from javafx.css in JavaFX Application Thread - Error loading image: file:/Users/lemmi/git/JFXCentral/src/main/resources/com/dlsc/jfxcentral/transparency.png
2021-04-28 17:47:58,764 [WARN] from controllers.jpro in application-akka.actor.default-dispatcher-8 - jpro.plainFile - Couldn't get resource for: 'jpro/html/null'
2021-04-28 17:48:05,438 [WARN] from javafx.css in JavaFX Application Thread - Error loading image: file:/Users/lemmi/git/JFXCentral/src/main/resources/com/dlsc/jfxcentral/transparency.png
2021-04-28 17:48:05,440 [WARN] from javafx.css in JavaFX Application Thread - Error loading image: file:/Users/lemmi/git/JFXCentral/src/main/resources/com/dlsc/jfxcentral/transparency.png
2021-04-28 17:48:05,445 [WARN] from javafx.css in JavaFX Application Thread - Error loading image: file:/Users/lemmi/git/JFXCentral/src/main/resources/com/dlsc/jfxcentral/transparency.png
2021-04-28 17:48:05,447 [WARN] from javafx.css in JavaFX Application Thread - Error loading image: file:/Users/lemmi/git/JFXCentral/src/main/resources/com/dlsc/jfxcentral/transparency.png
2021-04-28 17:48:05,475 [WARN] from javafx.css in JavaFX Application Thread - Error loading image: file:/Users/lemmi/git/JFXCentral/src/main/resources/com/dlsc/jfxcentral/transparency.png
2021-04-28 17:48:15,278 [WARN] from javafx.css in JavaFX Application Thread - Error loading image: file:/Users/lemmi/git/JFXCentral/src/main/resources/com/dlsc/jfxcentral/transparency.png
2021-04-28 17:48:38,167 [WARN] from com.gluonhq.attach.util.impl.DefaultServiceFactory in JavaFX Application Thread - No new instance for interface com.gluonhq.attach.orientation.OrientationService and class com.gluonhq.attach.orientation.impl.DesktopOrientationService
2021-04-28 17:48:38,167 [WARN] from com.gluonhq.attach.util.impl.DefaultServiceFactory in JavaFX Application Thread - No new instance for interface com.gluonhq.attach.audio.AudioService and class com.gluonhq.attach.audio.impl.DesktopAudioService
2021-04-28 17:48:38,168 [WARN] from com.gluonhq.attach.util.impl.DefaultServiceFactory in JavaFX Application Thread - No new instance for interface com.gluonhq.attach.display.DisplayService and class com.gluonhq.attach.display.impl.DesktopDisplayService
2021-04-28 17:48:49,365 [WARN] from javafx.css in JavaFX Application Thread - Caught java.lang.IllegalArgumentException: Parsed value is not an Effect' while calculating value for '-fx-effect' from rule '*.section-pane' in stylesheet file:/Users/lemmi/git/JFXCentral/src/main/resources/com/dlsc/jfxcentral/styles.css
2021-04-28 17:48:49,370 [WARN] from javafx.css in JavaFX Application Thread - Caught java.lang.IllegalArgumentException: Parsed value is not an Effect' while calculating value for '-fx-effect' from rule '*.section-pane' in stylesheet file:/Users/lemmi/git/JFXCentral/src/main/resources/com/dlsc/jfxcentral/styles.css
2021-04-28 17:48:49,377 [WARN] from javafx.css in JavaFX Application Thread - Caught java.lang.IllegalArgumentException: Parsed value is not an Effect' while calculating value for '-fx-effect' from rule '*.section-pane' in stylesheet file:/Users/lemmi/git/JFXCentral/src/main/resources/com/dlsc/jfxcentral/styles.css
2021-04-28 17:48:49,380 [WARN] from javafx.css in JavaFX Application Thread - Caught java.lang.IllegalArgumentException: Parsed value is not an Effect' while calculating value for '-fx-effect' from rule '*.section-pane' in stylesheet file:/Users/lemmi/git/JFXCentral/src/main/resources/com/dlsc/jfxcentral/styles.css
2021-04-28 17:48:49,391 [WARN] from javafx.css in JavaFX Application Thread - Error loading image: file:/Users/lemmi/git/JFXCentral/target/classes/com/dlsc/jfxcentral/transparency.png
2021-04-28 17:48:49,399 [WARN] from javafx.css in JavaFX Application Thread - Error loading image: file:/Users/lemmi/git/JFXCentral/target/classes/com/dlsc/jfxcentral/transparency.png
2021-04-28 17:48:49,406 [WARN] from javafx.css in JavaFX Application Thread - Error loading image: file:/Users/lemmi/git/JFXCentral/target/classes/com/dlsc/jfxcentral/transparency.png
2021-04-28 17:48:49,476 [WARN] from javafx.css in JavaFX Application Thread - Error loading image: file:/Users/lemmi/git/JFXCentral/target/classes/com/dlsc/jfxcentral/transparency.png
2021-04-28 17:48:49,535 [WARN] from javafx.css in JavaFX Application Thread - Error loading image: file:/Users/lemmi/git/JFXCentral/target/classes/com/dlsc/jfxcentral/transparency.png
2021-04-28 17:48:49,545 [WARN] from javafx.css in JavaFX Application Thread - Error loading image: file:/Users/lemmi/git/JFXCentral/src/main/resources/com/dlsc/jfxcentral/transparency.png
2021-04-28 17:48:49,546 [WARN] from javafx.css in JavaFX Application Thread - Error loading image: file:/Users/lemmi/git/JFXCentral/src/main/resources/com/dlsc/jfxcentral/transparency.png
2021-04-28 17:48:49,549 [WARN] from javafx.css in JavaFX Application Thread - Error loading image: file:/Users/lemmi/git/JFXCentral/src/main/resources/com/dlsc/jfxcentral/transparency.png
2021-04-28 17:48:49,551 [WARN] from javafx.css in JavaFX Application Thread - Error loading image: file:/Users/lemmi/git/JFXCentral/src/main/resources/com/dlsc/jfxcentral/transparency.png
2021-04-28 17:48:57,725 [WARN] from javafx.css in JavaFX Application Thread - Error loading image: file:/Users/lemmi/git/JFXCentral/src/main/resources/com/dlsc/jfxcentral/transparency.png
2021-04-28 17:48:57,725 [WARN] from javafx.css in JavaFX Application Thread - Error loading image: file:/Users/lemmi/git/JFXCentral/src/main/resources/com/dlsc/jfxcentral/transparency.png
2021-04-28 17:48:57,729 [WARN] from javafx.css in JavaFX Application Thread - Error loading image: file:/Users/lemmi/git/JFXCentral/src/main/resources/com/dlsc/jfxcentral/transparency.png
2021-04-28 17:48:57,731 [WARN] from javafx.css in JavaFX Application Thread - Error loading image: file:/Users/lemmi/git/JFXCentral/src/main/resources/com/dlsc/jfxcentral/transparency.png
2021-04-28 17:48:57,740 [WARN] from javafx.css in JavaFX Application Thread - Error loading image: file:/Users/lemmi/git/JFXCentral/src/main/resources/com/dlsc/jfxcentral/transparency.png
2021-04-28 17:49:00,090 [WARN] from javafx.css in JavaFX Application Thread - Error loading image: file:/Users/lemmi/git/JFXCentral/src/main/resources/com/dlsc/jfxcentral/transparency.png
2021-04-28 17:49:34,147 [WARN] from com.gluonhq.attach.util.impl.DefaultServiceFactory in JavaFX Application Thread - No new instance for interface com.gluonhq.attach.orientation.OrientationService and class com.gluonhq.attach.orientation.impl.DesktopOrientationService
2021-04-28 17:49:34,147 [WARN] from com.gluonhq.attach.util.impl.DefaultServiceFactory in JavaFX Application Thread - No new instance for interface com.gluonhq.attach.audio.AudioService and class com.gluonhq.attach.audio.impl.DesktopAudioService
2021-04-28 17:49:34,148 [WARN] from com.gluonhq.attach.util.impl.DefaultServiceFactory in JavaFX Application Thread - No new instance for interface com.gluonhq.attach.display.DisplayService and class com.gluonhq.attach.display.impl.DesktopDisplayService
2021-04-28 17:49:37,232 [WARN] from javafx.css in JavaFX Application Thread - Caught java.lang.IllegalArgumentException: Parsed value is not an Effect' while calculating value for '-fx-effect' from rule '*.section-pane' in stylesheet file:/Users/lemmi/git/JFXCentral/src/main/resources/com/dlsc/jfxcentral/styles.css
2021-04-28 17:49:37,236 [WARN] from javafx.css in JavaFX Application Thread - Caught java.lang.IllegalArgumentException: Parsed value is not an Effect' while calculating value for '-fx-effect' from rule '*.section-pane' in stylesheet file:/Users/lemmi/git/JFXCentral/src/main/resources/com/dlsc/jfxcentral/styles.css
2021-04-28 17:49:37,242 [WARN] from javafx.css in JavaFX Application Thread - Caught java.lang.IllegalArgumentException: Parsed value is not an Effect' while calculating value for '-fx-effect' from rule '*.section-pane' in stylesheet file:/Users/lemmi/git/JFXCentral/src/main/resources/com/dlsc/jfxcentral/styles.css
2021-04-28 17:49:37,244 [WARN] from javafx.css in JavaFX Application Thread - Caught java.lang.IllegalArgumentException: Parsed value is not an Effect' while calculating value for '-fx-effect' from rule '*.section-pane' in stylesheet file:/Users/lemmi/git/JFXCentral/src/main/resources/com/dlsc/jfxcentral/styles.css
2021-04-28 17:49:37,252 [WARN] from javafx.css in JavaFX Application Thread - Error loading image: file:/Users/lemmi/git/JFXCentral/target/classes/com/dlsc/jfxcentral/transparency.png
2021-04-28 17:49:37,257 [WARN] from javafx.css in JavaFX Application Thread - Error loading image: file:/Users/lemmi/git/JFXCentral/target/classes/com/dlsc/jfxcentral/transparency.png
2021-04-28 17:49:37,262 [WARN] from javafx.css in JavaFX Application Thread - Error loading image: file:/Users/lemmi/git/JFXCentral/target/classes/com/dlsc/jfxcentral/transparency.png
2021-04-28 17:49:37,311 [WARN] from javafx.css in JavaFX Application Thread - Error loading image: file:/Users/lemmi/git/JFXCentral/target/classes/com/dlsc/jfxcentral/transparency.png
2021-04-28 17:49:37,354 [WARN] from javafx.css in JavaFX Application Thread - Error loading image: file:/Users/lemmi/git/JFXCentral/target/classes/com/dlsc/jfxcentral/transparency.png
2021-04-28 17:49:37,362 [WARN] from javafx.css in JavaFX Application Thread - Error loading image: file:/Users/lemmi/git/JFXCentral/src/main/resources/com/dlsc/jfxcentral/transparency.png
2021-04-28 17:49:37,363 [WARN] from javafx.css in JavaFX Application Thread - Error loading image: file:/Users/lemmi/git/JFXCentral/src/main/resources/com/dlsc/jfxcentral/transparency.png
2021-04-28 17:49:37,365 [WARN] from javafx.css in JavaFX Application Thread - Error loading image: file:/Users/lemmi/git/JFXCentral/src/main/resources/com/dlsc/jfxcentral/transparency.png
2021-04-28 17:49:37,367 [WARN] from javafx.css in JavaFX Application Thread - Error loading image: file:/Users/lemmi/git/JFXCentral/src/main/resources/com/dlsc/jfxcentral/transparency.png
2021-04-28 17:49:38,730 [WARN] from javafx.css in JavaFX Application Thread - Error loading image: file:/Users/lemmi/git/JFXCentral/src/main/resources/com/dlsc/jfxcentral/transparency.png
2021-04-28 17:49:38,730 [WARN] from javafx.css in JavaFX Application Thread - Error loading image: file:/Users/lemmi/git/JFXCentral/src/main/resources/com/dlsc/jfxcentral/transparency.png
2021-04-28 17:49:38,733 [WARN] from javafx.css in JavaFX Application Thread - Error loading image: file:/Users/lemmi/git/JFXCentral/src/main/resources/com/dlsc/jfxcentral/transparency.png
2021-04-28 17:49:38,735 [WARN] from javafx.css in JavaFX Application Thread - Error loading image: file:/Users/lemmi/git/JFXCentral/src/main/resources/com/dlsc/jfxcentral/transparency.png
2021-04-28 17:49:38,742 [WARN] from javafx.css in JavaFX Application Thread - Error loading image: file:/Users/lemmi/git/JFXCentral/src/main/resources/com/dlsc/jfxcentral/transparency.png
2021-04-28 17:50:47,535 [WARN] from javafx.css in JavaFX Application Thread - Error loading image: file:/Users/lemmi/git/JFXCentral/src/main/resources/com/dlsc/jfxcentral/transparency.png
2021-04-28 17:50:47,615 [WARN] from com.gluonhq.attach.util.impl.DefaultServiceFactory in JavaFX Application Thread - No new instance for interface com.gluonhq.attach.browser.BrowserService and class com.gluonhq.attach.browser.impl.DesktopBrowserService
2021-04-28 17:50:50,862 [WARN] from com.gluonhq.attach.util.impl.DefaultServiceFactory in JavaFX Application Thread - No new instance for interface com.gluonhq.attach.browser.BrowserService and class com.gluonhq.attach.browser.impl.DesktopBrowserService
2021-04-28 17:50:56,318 [WARN] from com.gluonhq.attach.util.impl.DefaultServiceFactory in JavaFX Application Thread - No new instance for interface com.gluonhq.attach.browser.BrowserService and class com.gluonhq.attach.browser.impl.DesktopBrowserService
2021-04-28 17:51:20,416 [WARN] from com.gluonhq.attach.util.impl.DefaultServiceFactory in JavaFX Application Thread - No new instance for interface com.gluonhq.attach.orientation.OrientationService and class com.gluonhq.attach.orientation.impl.DesktopOrientationService
2021-04-28 17:51:20,416 [WARN] from com.gluonhq.attach.util.impl.DefaultServiceFactory in JavaFX Application Thread - No new instance for interface com.gluonhq.attach.audio.AudioService and class com.gluonhq.attach.audio.impl.DesktopAudioService
2021-04-28 17:51:20,416 [WARN] from com.gluonhq.attach.util.impl.DefaultServiceFactory in JavaFX Application Thread - No new instance for interface com.gluonhq.attach.display.DisplayService and class com.gluonhq.attach.display.impl.DesktopDisplayService
2021-04-28 17:51:29,641 [WARN] from javafx.css in JavaFX Application Thread - Caught java.lang.IllegalArgumentException: Parsed value is not an Effect' while calculating value for '-fx-effect' from rule '*.section-pane' in stylesheet file:/Users/lemmi/git/JFXCentral/src/main/resources/com/dlsc/jfxcentral/styles.css
2021-04-28 17:51:29,644 [WARN] from javafx.css in JavaFX Application Thread - Caught java.lang.IllegalArgumentException: Parsed value is not an Effect' while calculating value for '-fx-effect' from rule '*.section-pane' in stylesheet file:/Users/lemmi/git/JFXCentral/src/main/resources/com/dlsc/jfxcentral/styles.css
2021-04-28 17:51:29,648 [WARN] from javafx.css in JavaFX Application Thread - Caught java.lang.IllegalArgumentException: Parsed value is not an Effect' while calculating value for '-fx-effect' from rule '*.section-pane' in stylesheet file:/Users/lemmi/git/JFXCentral/src/main/resources/com/dlsc/jfxcentral/styles.css
2021-04-28 17:51:29,650 [WARN] from javafx.css in JavaFX Application Thread - Caught java.lang.IllegalArgumentException: Parsed value is not an Effect' while calculating value for '-fx-effect' from rule '*.section-pane' in stylesheet file:/Users/lemmi/git/JFXCentral/src/main/resources/com/dlsc/jfxcentral/styles.css
2021-04-28 17:51:29,657 [WARN] from javafx.css in JavaFX Application Thread - Error loading image: file:/Users/lemmi/git/JFXCentral/target/classes/com/dlsc/jfxcentral/transparency.png
2021-04-28 17:51:29,662 [WARN] from javafx.css in JavaFX Application Thread - Error loading image: file:/Users/lemmi/git/JFXCentral/target/classes/com/dlsc/jfxcentral/transparency.png
2021-04-28 17:51:29,667 [WARN] from javafx.css in JavaFX Application Thread - Error loading image: file:/Users/lemmi/git/JFXCentral/target/classes/com/dlsc/jfxcentral/transparency.png
2021-04-28 17:51:29,709 [WARN] from javafx.css in JavaFX Application Thread - Error loading image: file:/Users/lemmi/git/JFXCentral/target/classes/com/dlsc/jfxcentral/transparency.png
2021-04-28 17:51:29,750 [WARN] from javafx.css in JavaFX Application Thread - Error loading image: file:/Users/lemmi/git/JFXCentral/target/classes/com/dlsc/jfxcentral/transparency.png
2021-04-28 17:51:29,759 [WARN] from javafx.css in JavaFX Application Thread - Error loading image: file:/Users/lemmi/git/JFXCentral/src/main/resources/com/dlsc/jfxcentral/transparency.png
2021-04-28 17:51:29,759 [WARN] from javafx.css in JavaFX Application Thread - Error loading image: file:/Users/lemmi/git/JFXCentral/src/main/resources/com/dlsc/jfxcentral/transparency.png
2021-04-28 17:51:29,762 [WARN] from javafx.css in JavaFX Application Thread - Error loading image: file:/Users/lemmi/git/JFXCentral/src/main/resources/com/dlsc/jfxcentral/transparency.png
2021-04-28 17:51:29,764 [WARN] from javafx.css in JavaFX Application Thread - Error loading image: file:/Users/lemmi/git/JFXCentral/src/main/resources/com/dlsc/jfxcentral/transparency.png
2021-04-28 17:51:39,476 [WARN] from javafx.css in JavaFX Application Thread - Error loading image: file:/Users/lemmi/git/JFXCentral/src/main/resources/com/dlsc/jfxcentral/transparency.png
2021-04-28 17:51:39,477 [WARN] from javafx.css in JavaFX Application Thread - Error loading image: file:/Users/lemmi/git/JFXCentral/src/main/resources/com/dlsc/jfxcentral/transparency.png
2021-04-28 17:51:39,480 [WARN] from javafx.css in JavaFX Application Thread - Error loading image: file:/Users/lemmi/git/JFXCentral/src/main/resources/com/dlsc/jfxcentral/transparency.png
2021-04-28 17:51:39,481 [WARN] from javafx.css in JavaFX Application Thread - Error loading image: file:/Users/lemmi/git/JFXCentral/src/main/resources/com/dlsc/jfxcentral/transparency.png
2021-04-28 17:51:39,489 [WARN] from javafx.css in JavaFX Application Thread - Error loading image: file:/Users/lemmi/git/JFXCentral/src/main/resources/com/dlsc/jfxcentral/transparency.png
2021-04-28 17:52:21,104 [WARN] from javafx.css in JavaFX Application Thread - Error loading image: file:/Users/lemmi/git/JFXCentral/src/main/resources/com/dlsc/jfxcentral/transparency.png
2021-04-28 18:07:43,776 [WARN] from controllers.jpro in application-akka.actor.default-dispatcher-5 - resource not available: java.io.FileNotFoundException: /var/folders/27/sg00pfrx6xlcr7t1l9zdzsgc0000gn/T/+JXF3936991823708858594.tmp (No such file or directory)
2021-04-28 18:07:43,778 [WARN] from controllers.jpro in application-akka.actor.default-dispatcher-28 - resource not available: java.io.FileNotFoundException: /var/folders/27/sg00pfrx6xlcr7t1l9zdzsgc0000gn/T/+JXF3297662759030855633.tmp (No such file or directory)
2021-04-28 18:07:43,781 [WARN] from controllers.jpro in application-akka.actor.default-dispatcher-13 - resource not available: java.io.FileNotFoundException: /var/folders/27/sg00pfrx6xlcr7t1l9zdzsgc0000gn/T/+JXF6837669036584995448.tmp (No such file or directory)
