2021-04-28 17:45:22,921 [INFO] in scala-execution-context-global-50 - [[37minfo[0m] c.j.i.s.Initializer$ - redirected OUT / ERR
2021-04-28 17:45:22,921 [INFO] in scala-execution-context-global-62 - [[37minfo[0m] c.j.i.s.Initializer$ - installed SLF4JBridge
2021-04-28 17:45:22,922 [INFO] in scala-execution-context-global-50 - [[37minfo[0m] c.j.i.s.MonocleInitializer$ - screen: null
2021-04-28 17:45:22,922 [INFO] in scala-execution-context-global-50 - [[37minfo[0m] c.j.i.s.Initializer$ - finished init!
2021-04-28 17:45:22,922 [INFO] in scala-execution-context-global-50 - [[37minfo[0m] c.j.i.s.Initializer$ - JavaFX version: 15.0.1.1-jpro+0-2021-01-03-134129
2021-04-28 17:45:22,961 [INFO] in scala-execution-context-global-50 - [[37minfo[0m] c.j.i.c.m.ChartJSONImExporter - Nothing to import
2021-04-28 17:45:22,962 [INFO] in scala-execution-context-global-50 - [[37minfo[0m] c.j.i.c.m.DynamicDataModel - Started Monitoring chart data...
2021-04-28 17:45:23,747 [INFO] in scala-execution-context-global-50 - [[33mwarn[0m] c.jpro - jpro.plainFile - Couldn't get resource for: 'jpro/html/apple-touch-icon-precomposed.png'
2021-04-28 17:45:23,761 [INFO] in scala-execution-context-global-50 - [[33mwarn[0m] c.jpro - jpro.plainFile - Couldn't get resource for: 'jpro/html/apple-touch-icon.png'
2021-04-28 17:45:23,773 [INFO] in scala-execution-context-global-50 - [[37minfo[0m] c.jpro - application requested: 0!default
2021-04-28 17:45:23,784 [INFO] in scala-execution-context-global-50 - [[37minfo[0m] c.jpro - Creating Application: 0!default
2021-04-28 17:45:23,787 [INFO] in scala-execution-context-global-50 - [[37minfo[0m] c.jpro - remoteAddress 0:0:0:0:0:0:0:1
2021-04-28 17:45:23,788 [INFO] in scala-execution-context-global-50 - [[37minfo[0m] c.jpro - host          localhost:8080
2021-04-28 17:45:23,788 [INFO] in scala-execution-context-global-50 - [[37minfo[0m] c.jpro - uri           /app/0!default
2021-04-28 17:45:24,495 [INFO] in scala-execution-context-global-50 - url: https://raw.githubusercontent.com/dlemmermann/jfxcentral-data/main/people.json
2021-04-28 17:45:25,036 [INFO] in scala-execution-context-global-50 - [[37minfo[0m] c.j.i.s.ViewSerializerActor - appdef: AppByMain(default,com.dlsc.jfxcentral.JFXCentralApp,None,NamedClassLoader(system),false) clientinfo: ClientInfo(http://localhost:8080/,http://localhost:8080/app/default,1429.0,1232.0,false,de-de,List(de-de),,Map(Idea-45b73e1 -> 7f53a3ab-254a-4164-98ca-dc8d449d2313, Idea-45b73e0 -> f247e7af-ba2c-4c71-ab6a-a19baa06fc0b, Idea-d7aa44b5 -> 0304c245-e088-4881-b2b3-61ca9ae42b01, Idea-45b73df -> 7adfedc7-bb08-4548-82f6-da962eaf6565, Idea-d7aa44b6 -> 61b79cfb-775c-435f-b9f2-c30a257c8d0a, Idea-d7aa4877 -> df0a3985-8856-467c-aed2-9855f66d2a91, Idea-d7aa40f6 -> e11bfbe8-8c7d-4438-aeef-6c9fd65fca7a, Idea-d7aa4878 -> 79e8227e-d40e-428e-a769-81ea8b7e45b3),Map(Host -> List(localhost:8080), Cookie -> List(Idea-45b73e1=7f53a3ab-254a-4164-98ca-dc8d449d2313; Idea-45b73e0=f247e7af-ba2c-4c71-ab6a-a19baa06fc0b; Idea-45b73df=7adfedc7-bb08-4548-82f6-da962eaf6565; Idea-d7aa4878=79e8227e-d40e-428e-a769-81ea8b7e45b3; Idea-d7aa4877=df0a3985-8856-467c-aed2-9855f66d2a91; Idea-d7aa44b6=61b79cfb-775c-435f-b9f2-c30a257c8d0a; Idea-d7aa44b5=0304c245-e088-4881-b2b3-61ca9ae42b01; Idea-d7aa40f6=e11bfbe8-8c7d-4438-aeef-6c9fd65fca7a), Origin -> List(http://localhost:8080), Pragma -> List(no-cache), Upgrade -> List(websocket), Connection -> List(Upgrade), User-Agent -> List(Mozilla/5.0 (Macintosh; Intel Mac OS X 10_15_7) AppleWebKit/605.1.15 (KHTML, like Gecko) Version/14.1 Safari/605.1.15), Cache-Control -> List(no-cache), Remote-Address -> List(0:0:0:0:0:0:0:1:63506), Timeout-Access -> List(<function1>), Raw-Request-URI -> List(/app/0!default), Tls-Session-Info -> List(Session(1619624722301|SSL_NULL_WITH_NULL_NULL)), Sec-WebSocket-Key -> List(cgJVW5yGsRLqt+aTlZ+eoA==), UpgradeToWebSocket -> List(), Sec-WebSocket-Version -> List(13), Sec-WebSocket-Extensions -> List(x-webkit-deflate-frame)))out: Actor[akka://application/system/Materializers/StreamSupervisor-0/$$h-actorRefSource#-438711735]
2021-04-28 17:45:25,094 [INFO] in scala-execution-context-global-50 - [[37minfo[0m] c.g.a.u.Platform - javafx.platform is not defined. Desktop will be assumed by default.
2021-04-28 17:45:25,098 [INFO] in scala-execution-context-global-50 - [[33mwarn[0m] c.g.a.u.i.DefaultServiceFactory - No new instance for interface com.gluonhq.attach.display.DisplayService and class com.gluonhq.attach.display.impl.DesktopDisplayService
2021-04-28 17:45:25,640 [INFO] in scala-execution-context-global-50 - [[37minfo[0m] com.jpro.JS - received msg: new MainID: 958 userid: 1978824175
2021-04-28 17:45:29,308 [INFO] in scala-execution-context-global-50 - [[33mwarn[0m] javafx.css - Caught java.lang.IllegalArgumentException: Parsed value is not an Effect' while calculating value for '-fx-effect' from rule '*.section-pane' in stylesheet file:/Users/lemmi/git/JFXCentral/src/main/resources/com/dlsc/jfxcentral/styles.css
2021-04-28 17:45:29,349 [INFO] in scala-execution-context-global-50 - [[33mwarn[0m] javafx.css - Caught java.lang.IllegalArgumentException: Parsed value is not an Effect' while calculating value for '-fx-effect' from rule '*.section-pane' in stylesheet file:/Users/lemmi/git/JFXCentral/src/main/resources/com/dlsc/jfxcentral/styles.css
2021-04-28 17:45:29,404 [INFO] in scala-execution-context-global-50 - [[33mwarn[0m] javafx.css - Caught java.lang.IllegalArgumentException: Parsed value is not an Effect' while calculating value for '-fx-effect' from rule '*.section-pane' in stylesheet file:/Users/lemmi/git/JFXCentral/src/main/resources/com/dlsc/jfxcentral/styles.css
2021-04-28 17:45:29,411 [INFO] in scala-execution-context-global-50 - [[33mwarn[0m] javafx.css - Caught java.lang.IllegalArgumentException: Parsed value is not an Effect' while calculating value for '-fx-effect' from rule '*.section-pane' in stylesheet file:/Users/lemmi/git/JFXCentral/src/main/resources/com/dlsc/jfxcentral/styles.css
2021-04-28 17:45:29,441 [INFO] in scala-execution-context-global-50 - https://raw.githubusercontent.com/dlemmermann/jfxcentral-data/main/images/people/dirk-lemmermann.jpg
2021-04-28 17:45:29,469 [INFO] in scala-execution-context-global-50 - https://raw.githubusercontent.com/dlemmermann/jfxcentral-data/main/images/people/andres.jpg
2021-04-28 17:45:29,531 [INFO] in scala-execution-context-global-50 - https://raw.githubusercontent.com/dlemmermann/jfxcentral-data/main/images/people/bruno-borges.jpeg
2021-04-28 17:45:29,593 [INFO] in scala-execution-context-global-50 - https://raw.githubusercontent.com/dlemmermann/jfxcentral-data/main/images/people/gerrit-grunwald.jpg
2021-04-28 17:45:29,604 [INFO] in scala-execution-context-global-50 - https://raw.githubusercontent.com/dlemmermann/jfxcentral-data/main/images/people/hendrik-ebbers.jpg
2021-04-28 17:45:29,650 [INFO] in scala-execution-context-global-50 - https://raw.githubusercontent.com/dlemmermann/jfxcentral-data/main/images/people/johan.jpg
2021-04-28 17:45:29,740 [INFO] in scala-execution-context-global-62 - [[33mwarn[0m] javafx.css - Error loading image: file:/Users/lemmi/git/JFXCentral/src/main/resources/com/dlsc/jfxcentral/transparency.png
2021-04-28 17:45:29,748 [INFO] in scala-execution-context-global-50 - [[33mwarn[0m] javafx.css - Error loading image: file:/Users/lemmi/git/JFXCentral/src/main/resources/com/dlsc/jfxcentral/transparency.png
2021-04-28 17:45:29,784 [INFO] in scala-execution-context-global-50 - [[33mwarn[0m] javafx.css - Error loading image: file:/Users/lemmi/git/JFXCentral/src/main/resources/com/dlsc/jfxcentral/transparency.png
2021-04-28 17:45:29,805 [INFO] in scala-execution-context-global-50 - [[33mwarn[0m] c.jpro - jpro.plainFile - Couldn't get resource for: 'jpro/html/null'
2021-04-28 17:45:29,849 [INFO] in scala-execution-context-global-50 - [[33mwarn[0m] javafx.css - Error loading image: file:/Users/lemmi/git/JFXCentral/src/main/resources/com/dlsc/jfxcentral/transparency.png
2021-04-28 17:45:32,075 [INFO] in scala-execution-context-global-50 - url: https://raw.githubusercontent.com/dlemmermann/jfxcentral-data/main/libraries/gemsfx/_info.json
2021-04-28 17:45:32,075 [INFO] in scala-execution-context-global-50 - url: https://raw.githubusercontent.com/dlemmermann/jfxcentral-data/main/libraries/gmapsfx/_info.json
2021-04-28 17:45:32,075 [INFO] in scala-execution-context-global-50 - url: https://raw.githubusercontent.com/dlemmermann/jfxcentral-data/main/libraries/calendarfx/_info.json
2021-04-28 17:45:32,076 [INFO] in scala-execution-context-global-50 - url: https://raw.githubusercontent.com/dlemmermann/jfxcentral-data/main/libraries/preferencesfx/_info.json
2021-04-28 17:45:32,076 [INFO] in scala-execution-context-global-50 - url: https://raw.githubusercontent.com/dlemmermann/jfxcentral-data/main/libraries/unitfx/_info.json
2021-04-28 17:45:32,076 [INFO] in scala-execution-context-global-50 - url: https://raw.githubusercontent.com/dlemmermann/jfxcentral-data/main/libraries/flexganttfx/_info.json
2021-04-28 17:45:32,078 [INFO] in scala-execution-context-global-50 - url: https://raw.githubusercontent.com/dlemmermann/jfxcentral-data/main/libraries/keyboardfx/_info.json
2021-04-28 17:45:32,078 [INFO] in scala-execution-context-global-50 - url: https://raw.githubusercontent.com/dlemmermann/jfxcentral-data/main/libraries/pdffx/_info.json
2021-04-28 17:45:32,078 [INFO] in scala-execution-context-global-50 - url: https://raw.githubusercontent.com/dlemmermann/jfxcentral-data/main/libraries/formsfx/_info.json
2021-04-28 17:45:32,078 [INFO] in scala-execution-context-global-50 - url: https://raw.githubusercontent.com/dlemmermann/jfxcentral-data/main/libraries/workbenchfx/_info.json
2021-04-28 17:45:32,100 [INFO] in scala-execution-context-global-50 - [[33mwarn[0m] javafx.css - Error loading image: file:/Users/lemmi/git/JFXCentral/src/main/resources/com/dlsc/jfxcentral/transparency.png
2021-04-28 17:45:32,101 [INFO] in scala-execution-context-global-50 - [[33mwarn[0m] javafx.css - Error loading image: file:/Users/lemmi/git/JFXCentral/src/main/resources/com/dlsc/jfxcentral/transparency.png
2021-04-28 17:45:32,106 [INFO] in scala-execution-context-global-50 - [[33mwarn[0m] javafx.css - Error loading image: file:/Users/lemmi/git/JFXCentral/src/main/resources/com/dlsc/jfxcentral/transparency.png
2021-04-28 17:45:32,108 [INFO] in scala-execution-context-global-50 - [[33mwarn[0m] javafx.css - Error loading image: file:/Users/lemmi/git/JFXCentral/src/main/resources/com/dlsc/jfxcentral/transparency.png
2021-04-28 17:45:32,179 [INFO] in scala-execution-context-global-50 - [[33mwarn[0m] javafx.css - Error loading image: file:/Users/lemmi/git/JFXCentral/src/main/resources/com/dlsc/jfxcentral/transparency.png
2021-04-28 17:45:32,253 [INFO] in scala-execution-context-global-50 - https://raw.githubusercontent.com/dlemmermann/jfxcentral-data/main/libraries/gemsfx/gemsfx.png
2021-04-28 17:45:32,261 [INFO] in scala-execution-context-global-50 - https://raw.githubusercontent.com/dlemmermann/jfxcentral-data/main/libraries/calendarfx/calendarfx.png
2021-04-28 17:45:40,361 [INFO] in scala-execution-context-global-50 - [[33mwarn[0m] javafx.css - Error loading image: file:/Users/lemmi/git/JFXCentral/src/main/resources/com/dlsc/jfxcentral/transparency.png
2021-04-28 17:45:40,412 [INFO] in scala-execution-context-global-50 - [[33mwarn[0m] c.g.a.u.i.DefaultServiceFactory - No new instance for interface com.gluonhq.attach.browser.BrowserService and class com.gluonhq.attach.browser.impl.DesktopBrowserService
2021-04-28 17:45:52,152 [INFO] in scala-execution-context-global-50 - https://raw.githubusercontent.com/dlemmermann/jfxcentral-data/main/libraries/preferencesfx/preferencesfx/preferencesfx.png
2021-04-28 17:45:54,521 [INFO] in scala-execution-context-global-50 - https://raw.githubusercontent.com/dlemmermann/jfxcentral-data/main/libraries/workbenchfx/workbenchfx.png
2021-04-28 17:45:54,522 [INFO] in scala-execution-context-global-50 - https://raw.githubusercontent.com/dlemmermann/jfxcentral-data/main/libraries/formsfx/formsfx.png
2021-04-28 17:45:55,975 [INFO] in scala-execution-context-global-50 - https://raw.githubusercontent.com/dlemmermann/jfxcentral-data/main/libraries/flexganttfx/flexganttfx/flexganttfx.png
2021-04-28 17:45:57,928 [INFO] in scala-execution-context-global-50 - [[33mwarn[0m] c.g.a.u.i.DefaultServiceFactory - No new instance for interface com.gluonhq.attach.browser.BrowserService and class com.gluonhq.attach.browser.impl.DesktopBrowserService
2021-04-28 17:46:39,750 [INFO] in scala-execution-context-global-50 - [[33mwarn[0m] c.g.a.u.i.DefaultServiceFactory - No new instance for interface com.gluonhq.attach.browser.BrowserService and class com.gluonhq.attach.browser.impl.DesktopBrowserService
2021-04-28 17:46:47,846 [INFO] in scala-execution-context-global-50 - [[33mwarn[0m] c.g.a.u.i.DefaultServiceFactory - No new instance for interface com.gluonhq.attach.browser.BrowserService and class com.gluonhq.attach.browser.impl.DesktopBrowserService
2021-04-28 17:47:41,976 [INFO] in scala-execution-context-global-48 - [[37minfo[0m] c.j.i.s.Initializer$ - redirected OUT / ERR
2021-04-28 17:47:41,976 [INFO] in scala-execution-context-global-60 - [[37minfo[0m] c.j.i.s.Initializer$ - installed SLF4JBridge
2021-04-28 17:47:41,977 [INFO] in scala-execution-context-global-60 - [[37minfo[0m] c.j.i.s.MonocleInitializer$ - screen: null
2021-04-28 17:47:41,977 [INFO] in scala-execution-context-global-60 - [[37minfo[0m] c.j.i.s.Initializer$ - finished init!
2021-04-28 17:47:41,977 [INFO] in scala-execution-context-global-60 - [[37minfo[0m] c.j.i.s.Initializer$ - JavaFX version: 15.0.1.1-jpro+0-2021-01-03-134129
2021-04-28 17:47:42,106 [INFO] in scala-execution-context-global-60 - [[37minfo[0m] c.j.i.c.m.ChartJSONImExporter - Imported chart data Wed Apr 28 17:47:41 CEST 2021
2021-04-28 17:47:42,108 [INFO] in scala-execution-context-global-60 - [[37minfo[0m] c.j.i.c.m.DynamicDataModel - Started Monitoring chart data...
2021-04-28 17:47:42,462 [INFO] in scala-execution-context-global-60 - [[37minfo[0m] c.jpro - application requested: 1266720829!default
2021-04-28 17:47:42,471 [INFO] in scala-execution-context-global-60 - [[37minfo[0m] c.jpro - Creating Application: 1266720829!default
2021-04-28 17:47:42,473 [INFO] in scala-execution-context-global-60 - [[37minfo[0m] c.jpro - remoteAddress 0:0:0:0:0:0:0:1
2021-04-28 17:47:42,473 [INFO] in scala-execution-context-global-48 - [[37minfo[0m] c.jpro - host          localhost:8080
2021-04-28 17:47:42,473 [INFO] in scala-execution-context-global-60 - [[37minfo[0m] c.jpro - uri           /app/1266720829!default
2021-04-28 17:47:42,653 [INFO] in scala-execution-context-global-60 - [[37minfo[0m] c.jpro - application requested: 0!default
2021-04-28 17:47:42,653 [INFO] in scala-execution-context-global-60 - [[37minfo[0m] c.jpro - Creating Application: 0!default
2021-04-28 17:47:42,653 [INFO] in scala-execution-context-global-60 - [[37minfo[0m] c.jpro - remoteAddress 0:0:0:0:0:0:0:1
2021-04-28 17:47:42,654 [INFO] in scala-execution-context-global-60 - [[37minfo[0m] c.jpro - host          localhost:8080
2021-04-28 17:47:42,654 [INFO] in scala-execution-context-global-60 - [[37minfo[0m] c.jpro - uri           /app/0!default
2021-04-28 17:47:43,093 [INFO] in scala-execution-context-global-60 - url: https://raw.githubusercontent.com/dlemmermann/jfxcentral-data/main/people.json
2021-04-28 17:47:43,369 [INFO] in scala-execution-context-global-60 - [[37minfo[0m] c.j.i.s.ViewSerializerActor - appdef: AppByMain(default,com.dlsc.jfxcentral.JFXCentralApp,None,NamedClassLoader(system),false) clientinfo: ClientInfo(http://localhost:8080/,http://localhost:8080/app/default,1402.0,1238.0,false,de-de,List(de-de),,Map(Idea-45b73e1 -> 7f53a3ab-254a-4164-98ca-dc8d449d2313, Idea-45b73e0 -> f247e7af-ba2c-4c71-ab6a-a19baa06fc0b, Idea-d7aa44b5 -> 0304c245-e088-4881-b2b3-61ca9ae42b01, Idea-45b73df -> 7adfedc7-bb08-4548-82f6-da962eaf6565, Idea-d7aa44b6 -> 61b79cfb-775c-435f-b9f2-c30a257c8d0a, Idea-d7aa4877 -> df0a3985-8856-467c-aed2-9855f66d2a91, Idea-d7aa40f6 -> e11bfbe8-8c7d-4438-aeef-6c9fd65fca7a, Idea-d7aa4878 -> 79e8227e-d40e-428e-a769-81ea8b7e45b3),Map(Host -> List(localhost:8080), Cookie -> List(Idea-45b73e1=7f53a3ab-254a-4164-98ca-dc8d449d2313; Idea-45b73e0=f247e7af-ba2c-4c71-ab6a-a19baa06fc0b; Idea-45b73df=7adfedc7-bb08-4548-82f6-da962eaf6565; Idea-d7aa4878=79e8227e-d40e-428e-a769-81ea8b7e45b3; Idea-d7aa4877=df0a3985-8856-467c-aed2-9855f66d2a91; Idea-d7aa44b6=61b79cfb-775c-435f-b9f2-c30a257c8d0a; Idea-d7aa44b5=0304c245-e088-4881-b2b3-61ca9ae42b01; Idea-d7aa40f6=e11bfbe8-8c7d-4438-aeef-6c9fd65fca7a), Origin -> List(http://localhost:8080), Pragma -> List(no-cache), Upgrade -> List(websocket), Connection -> List(Upgrade), User-Agent -> List(Mozilla/5.0 (Macintosh; Intel Mac OS X 10_15_7) AppleWebKit/605.1.15 (KHTML, like Gecko) Version/14.1 Safari/605.1.15), Cache-Control -> List(no-cache), Remote-Address -> List(0:0:0:0:0:0:0:1:63638), Timeout-Access -> List(<function1>), Raw-Request-URI -> List(/app/0!default), Tls-Session-Info -> List(Session(1619624861461|SSL_NULL_WITH_NULL_NULL)), Sec-WebSocket-Key -> List(ylDBDRfkHZHalU55iYaqjw==), UpgradeToWebSocket -> List(), Sec-WebSocket-Version -> List(13), Sec-WebSocket-Extensions -> List(x-webkit-deflate-frame)))out: Actor[akka://application/system/Materializers/StreamSupervisor-0/$$h-actorRefSource#-1915057088]
2021-04-28 17:47:44,730 [INFO] in scala-execution-context-global-60 - [[37minfo[0m] c.g.a.u.Platform - javafx.platform is not defined. Desktop will be assumed by default.
2021-04-28 17:47:44,734 [INFO] in scala-execution-context-global-60 - [[33mwarn[0m] c.g.a.u.i.DefaultServiceFactory - No new instance for interface com.gluonhq.attach.orientation.OrientationService and class com.gluonhq.attach.orientation.impl.DesktopOrientationService
2021-04-28 17:47:44,735 [INFO] in scala-execution-context-global-60 - [[33mwarn[0m] c.g.a.u.i.DefaultServiceFactory - No new instance for interface com.gluonhq.attach.audio.AudioService and class com.gluonhq.attach.audio.impl.DesktopAudioService
2021-04-28 17:47:44,754 [INFO] in scala-execution-context-global-60 - starting
2021-04-28 17:47:44,760 [INFO] in scala-execution-context-global-60 - [[33mwarn[0m] c.g.a.u.i.DefaultServiceFactory - No new instance for interface com.gluonhq.attach.display.DisplayService and class com.gluonhq.attach.display.impl.DesktopDisplayService
2021-04-28 17:47:45,107 [INFO] in scala-execution-context-global-60 - [[37minfo[0m] com.jpro.JS - received msg: new MainID: 163 userid: 716261159
2021-04-28 17:47:55,253 [INFO] in scala-execution-context-global-60 - stopping
2021-04-28 17:47:58,283 [INFO] in scala-execution-context-global-60 - [[33mwarn[0m] javafx.css - Caught java.lang.IllegalArgumentException: Parsed value is not an Effect' while calculating value for '-fx-effect' from rule '*.section-pane' in stylesheet file:/Users/lemmi/git/JFXCentral/src/main/resources/com/dlsc/jfxcentral/styles.css
2021-04-28 17:47:58,322 [INFO] in scala-execution-context-global-60 - [[33mwarn[0m] javafx.css - Caught java.lang.IllegalArgumentException: Parsed value is not an Effect' while calculating value for '-fx-effect' from rule '*.section-pane' in stylesheet file:/Users/lemmi/git/JFXCentral/src/main/resources/com/dlsc/jfxcentral/styles.css
2021-04-28 17:47:58,376 [INFO] in scala-execution-context-global-60 - [[33mwarn[0m] javafx.css - Caught java.lang.IllegalArgumentException: Parsed value is not an Effect' while calculating value for '-fx-effect' from rule '*.section-pane' in stylesheet file:/Users/lemmi/git/JFXCentral/src/main/resources/com/dlsc/jfxcentral/styles.css
2021-04-28 17:47:58,383 [INFO] in scala-execution-context-global-60 - [[33mwarn[0m] javafx.css - Caught java.lang.IllegalArgumentException: Parsed value is not an Effect' while calculating value for '-fx-effect' from rule '*.section-pane' in stylesheet file:/Users/lemmi/git/JFXCentral/src/main/resources/com/dlsc/jfxcentral/styles.css
2021-04-28 17:47:58,413 [INFO] in scala-execution-context-global-60 - https://raw.githubusercontent.com/dlemmermann/jfxcentral-data/main/images/people/dirk-lemmermann.jpg
2021-04-28 17:47:58,441 [INFO] in scala-execution-context-global-60 - https://raw.githubusercontent.com/dlemmermann/jfxcentral-data/main/images/people/andres.jpg
2021-04-28 17:47:58,508 [INFO] in scala-execution-context-global-60 - https://raw.githubusercontent.com/dlemmermann/jfxcentral-data/main/images/people/bruno-borges.jpeg
2021-04-28 17:47:58,575 [INFO] in scala-execution-context-global-60 - https://raw.githubusercontent.com/dlemmermann/jfxcentral-data/main/images/people/gerrit-grunwald.jpg
2021-04-28 17:47:58,587 [INFO] in scala-execution-context-global-60 - https://raw.githubusercontent.com/dlemmermann/jfxcentral-data/main/images/people/hendrik-ebbers.jpg
2021-04-28 17:47:58,685 [INFO] in scala-execution-context-global-60 - [[33mwarn[0m] javafx.css - Error loading image: file:/Users/lemmi/git/JFXCentral/src/main/resources/com/dlsc/jfxcentral/transparency.png
2021-04-28 17:47:58,686 [INFO] in scala-execution-context-global-60 - [[33mwarn[0m] javafx.css - Error loading image: file:/Users/lemmi/git/JFXCentral/src/main/resources/com/dlsc/jfxcentral/transparency.png
2021-04-28 17:47:58,691 [INFO] in scala-execution-context-global-60 - [[33mwarn[0m] javafx.css - Error loading image: file:/Users/lemmi/git/JFXCentral/src/main/resources/com/dlsc/jfxcentral/transparency.png
2021-04-28 17:47:58,694 [INFO] in scala-execution-context-global-60 - [[33mwarn[0m] javafx.css - Error loading image: file:/Users/lemmi/git/JFXCentral/src/main/resources/com/dlsc/jfxcentral/transparency.png
2021-04-28 17:47:58,765 [INFO] in scala-execution-context-global-60 - [[33mwarn[0m] c.jpro - jpro.plainFile - Couldn't get resource for: 'jpro/html/null'
2021-04-28 17:48:05,414 [INFO] in scala-execution-context-global-60 - url: https://raw.githubusercontent.com/dlemmermann/jfxcentral-data/main/libraries/gemsfx/_info.json
2021-04-28 17:48:05,414 [INFO] in scala-execution-context-global-60 - url: https://raw.githubusercontent.com/dlemmermann/jfxcentral-data/main/libraries/flexganttfx/_info.json
2021-04-28 17:48:05,414 [INFO] in scala-execution-context-global-60 - url: https://raw.githubusercontent.com/dlemmermann/jfxcentral-data/main/libraries/unitfx/_info.json
2021-04-28 17:48:05,414 [INFO] in scala-execution-context-global-60 - url: https://raw.githubusercontent.com/dlemmermann/jfxcentral-data/main/libraries/preferencesfx/_info.json
2021-04-28 17:48:05,414 [INFO] in scala-execution-context-global-60 - url: https://raw.githubusercontent.com/dlemmermann/jfxcentral-data/main/libraries/calendarfx/_info.json
2021-04-28 17:48:05,414 [INFO] in scala-execution-context-global-60 - url: https://raw.githubusercontent.com/dlemmermann/jfxcentral-data/main/libraries/gmapsfx/_info.json
2021-04-28 17:48:05,414 [INFO] in scala-execution-context-global-60 - url: https://raw.githubusercontent.com/dlemmermann/jfxcentral-data/main/libraries/keyboardfx/_info.json
2021-04-28 17:48:05,414 [INFO] in scala-execution-context-global-60 - url: https://raw.githubusercontent.com/dlemmermann/jfxcentral-data/main/libraries/pdffx/_info.json
2021-04-28 17:48:05,415 [INFO] in scala-execution-context-global-60 - url: https://raw.githubusercontent.com/dlemmermann/jfxcentral-data/main/libraries/formsfx/_info.json
2021-04-28 17:48:05,415 [INFO] in scala-execution-context-global-60 - url: https://raw.githubusercontent.com/dlemmermann/jfxcentral-data/main/libraries/workbenchfx/_info.json
2021-04-28 17:48:05,438 [INFO] in scala-execution-context-global-60 - [[33mwarn[0m] javafx.css - Error loading image: file:/Users/lemmi/git/JFXCentral/src/main/resources/com/dlsc/jfxcentral/transparency.png
2021-04-28 17:48:05,440 [INFO] in scala-execution-context-global-60 - [[33mwarn[0m] javafx.css - Error loading image: file:/Users/lemmi/git/JFXCentral/src/main/resources/com/dlsc/jfxcentral/transparency.png
2021-04-28 17:48:05,445 [INFO] in scala-execution-context-global-60 - [[33mwarn[0m] javafx.css - Error loading image: file:/Users/lemmi/git/JFXCentral/src/main/resources/com/dlsc/jfxcentral/transparency.png
2021-04-28 17:48:05,447 [INFO] in scala-execution-context-global-60 - [[33mwarn[0m] javafx.css - Error loading image: file:/Users/lemmi/git/JFXCentral/src/main/resources/com/dlsc/jfxcentral/transparency.png
2021-04-28 17:48:05,475 [INFO] in scala-execution-context-global-60 - [[33mwarn[0m] javafx.css - Error loading image: file:/Users/lemmi/git/JFXCentral/src/main/resources/com/dlsc/jfxcentral/transparency.png
2021-04-28 17:48:05,499 [INFO] in scala-execution-context-global-60 - https://raw.githubusercontent.com/dlemmermann/jfxcentral-data/main/libraries/formsfx/formsfx.png
2021-04-28 17:48:15,269 [INFO] in scala-execution-context-global-60 - url: https://raw.githubusercontent.com/dlemmermann/jfxcentral-data/main/libraries/ikonli/_info.json
2021-04-28 17:48:15,279 [INFO] in scala-execution-context-global-60 - [[33mwarn[0m] javafx.css - Error loading image: file:/Users/lemmi/git/JFXCentral/src/main/resources/com/dlsc/jfxcentral/transparency.png
2021-04-28 17:48:23,155 [INFO] in scala-execution-context-global-60 - https://raw.githubusercontent.com/dlemmermann/jfxcentral-data/main/libraries/gemsfx/gemsfx.png
2021-04-28 17:48:23,155 [INFO] in scala-execution-context-global-60 - https://raw.githubusercontent.com/dlemmermann/jfxcentral-data/main/libraries/preferencesfx/preferencesfx/preferencesfx.png
2021-04-28 17:48:38,139 [INFO] in scala-execution-context-global-60 - [[37minfo[0m] c.jpro - application requested: 0!default
2021-04-28 17:48:38,139 [INFO] in scala-execution-context-global-60 - [[37minfo[0m] c.jpro - Creating Application: 0!default
2021-04-28 17:48:38,140 [INFO] in scala-execution-context-global-60 - [[37minfo[0m] c.jpro - remoteAddress 0:0:0:0:0:0:0:1
2021-04-28 17:48:38,140 [INFO] in scala-execution-context-global-60 - [[37minfo[0m] c.jpro - host          localhost:8080
2021-04-28 17:48:38,140 [INFO] in scala-execution-context-global-60 - [[37minfo[0m] c.jpro - uri           /app/0!default
2021-04-28 17:48:38,164 [INFO] in scala-execution-context-global-60 - [[37minfo[0m] c.j.i.s.ViewSerializerActor - appdef: AppByMain(default,com.dlsc.jfxcentral.JFXCentralApp,None,NamedClassLoader(system),false) clientinfo: ClientInfo(http://localhost:8080/,http://localhost:8080/app/default,1350.0,1210.0,false,de-DE,List(de-DE, de, en-US, en),,Map(Idea-d7aa4c39 -> 8fa5218e-91c4-4fa4-9333-c2776997ae0f, Idea-d7aa4c38 -> b1f1db1d-da56-4a65-9122-4f19ba934dac),Map(Host -> List(localhost:8080), Cookie -> List(Idea-d7aa4c38=b1f1db1d-da56-4a65-9122-4f19ba934dac; Idea-d7aa4c39=8fa5218e-91c4-4fa4-9333-c2776997ae0f), Origin -> List(http://localhost:8080), Pragma -> List(no-cache), Upgrade -> List(websocket), Connection -> List(Upgrade), User-Agent -> List(Mozilla/5.0 (Macintosh; Intel Mac OS X 10_15_7) AppleWebKit/537.36 (KHTML, like Gecko) Chrome/90.0.4430.93 Safari/537.36), Cache-Control -> List(no-cache), Remote-Address -> List(0:0:0:0:0:0:0:1:63674), Timeout-Access -> List(<function1>), Accept-Encoding -> List(gzip, deflate, br), Accept-Language -> List(de-DE,de;q=0.9,en-US;q=0.8,en;q=0.7), Raw-Request-URI -> List(/app/0!default), Tls-Session-Info -> List(Session(1619624861461|SSL_NULL_WITH_NULL_NULL)), Sec-WebSocket-Key -> List(4PdOFIgprdyNTgCt39qk+A==), UpgradeToWebSocket -> List(), Sec-WebSocket-Version -> List(13), Sec-WebSocket-Extensions -> List(permessage-deflate; client_max_window_bits)))out: Actor[akka://application/system/Materializers/StreamSupervisor-0/$$r-actorRefSource#-492032249]
2021-04-28 17:48:38,167 [INFO] in scala-execution-context-global-60 - [[33mwarn[0m] c.g.a.u.i.DefaultServiceFactory - No new instance for interface com.gluonhq.attach.orientation.OrientationService and class com.gluonhq.attach.orientation.impl.DesktopOrientationService
2021-04-28 17:48:38,167 [INFO] in scala-execution-context-global-60 - [[33mwarn[0m] c.g.a.u.i.DefaultServiceFactory - No new instance for interface com.gluonhq.attach.audio.AudioService and class com.gluonhq.attach.audio.impl.DesktopAudioService
2021-04-28 17:48:38,167 [INFO] in scala-execution-context-global-60 - starting
2021-04-28 17:48:38,168 [INFO] in scala-execution-context-global-60 - [[33mwarn[0m] c.g.a.u.i.DefaultServiceFactory - No new instance for interface com.gluonhq.attach.display.DisplayService and class com.gluonhq.attach.display.impl.DesktopDisplayService
2021-04-28 17:48:38,177 [INFO] in scala-execution-context-global-60 - [[37minfo[0m] javafx.css - Could not load @font-face font [file:/Users/lemmi/git/JFXCentral/target/classes/com/dlsc/jfxcentral/fonts/OpenSans-Regular.ttf]
2021-04-28 17:48:38,177 [INFO] in scala-execution-context-global-60 - [[37minfo[0m] javafx.css - Could not load @font-face font [file:/Users/lemmi/git/JFXCentral/target/classes/com/dlsc/jfxcentral/fonts/OpenSans-Italic.ttf]
2021-04-28 17:48:38,177 [INFO] in scala-execution-context-global-60 - [[37minfo[0m] javafx.css - Could not load @font-face font [file:/Users/lemmi/git/JFXCentral/target/classes/com/dlsc/jfxcentral/fonts/OpenSans-Bold.ttf]
2021-04-28 17:48:38,177 [INFO] in scala-execution-context-global-60 - [[37minfo[0m] javafx.css - Could not load @font-face font [file:/Users/lemmi/git/JFXCentral/target/classes/com/dlsc/jfxcentral/fonts/OpenSans-SemiBold.ttf]
2021-04-28 17:48:38,305 [INFO] in scala-execution-context-global-60 - [[37minfo[0m] com.jpro.JS - received msg: new MainID: 163 userid: 2031807877
2021-04-28 17:48:39,826 [INFO] in scala-execution-context-global-60 - stopping
2021-04-28 17:48:49,365 [INFO] in scala-execution-context-global-48 - [[33mwarn[0m] javafx.css - Caught java.lang.IllegalArgumentException: Parsed value is not an Effect' while calculating value for '-fx-effect' from rule '*.section-pane' in stylesheet file:/Users/lemmi/git/JFXCentral/src/main/resources/com/dlsc/jfxcentral/styles.css
2021-04-28 17:48:49,370 [INFO] in scala-execution-context-global-48 - [[33mwarn[0m] javafx.css - Caught java.lang.IllegalArgumentException: Parsed value is not an Effect' while calculating value for '-fx-effect' from rule '*.section-pane' in stylesheet file:/Users/lemmi/git/JFXCentral/src/main/resources/com/dlsc/jfxcentral/styles.css
2021-04-28 17:48:49,377 [INFO] in scala-execution-context-global-48 - [[33mwarn[0m] javafx.css - Caught java.lang.IllegalArgumentException: Parsed value is not an Effect' while calculating value for '-fx-effect' from rule '*.section-pane' in stylesheet file:/Users/lemmi/git/JFXCentral/src/main/resources/com/dlsc/jfxcentral/styles.css
2021-04-28 17:48:49,380 [INFO] in scala-execution-context-global-48 - [[33mwarn[0m] javafx.css - Caught java.lang.IllegalArgumentException: Parsed value is not an Effect' while calculating value for '-fx-effect' from rule '*.section-pane' in stylesheet file:/Users/lemmi/git/JFXCentral/src/main/resources/com/dlsc/jfxcentral/styles.css
2021-04-28 17:48:49,391 [INFO] in scala-execution-context-global-48 - [[33mwarn[0m] javafx.css - Error loading image: file:/Users/lemmi/git/JFXCentral/target/classes/com/dlsc/jfxcentral/transparency.png
2021-04-28 17:48:49,399 [INFO] in scala-execution-context-global-48 - [[33mwarn[0m] javafx.css - Error loading image: file:/Users/lemmi/git/JFXCentral/target/classes/com/dlsc/jfxcentral/transparency.png
2021-04-28 17:48:49,406 [INFO] in scala-execution-context-global-48 - [[33mwarn[0m] javafx.css - Error loading image: file:/Users/lemmi/git/JFXCentral/target/classes/com/dlsc/jfxcentral/transparency.png
2021-04-28 17:48:49,476 [INFO] in scala-execution-context-global-48 - [[33mwarn[0m] javafx.css - Error loading image: file:/Users/lemmi/git/JFXCentral/target/classes/com/dlsc/jfxcentral/transparency.png
2021-04-28 17:48:49,505 [INFO] in scala-execution-context-global-48 - https://raw.githubusercontent.com/dlemmermann/jfxcentral-data/main/images/people/johan.jpg
2021-04-28 17:48:49,535 [INFO] in scala-execution-context-global-48 - [[33mwarn[0m] javafx.css - Error loading image: file:/Users/lemmi/git/JFXCentral/target/classes/com/dlsc/jfxcentral/transparency.png
2021-04-28 17:48:49,545 [INFO] in scala-execution-context-global-60 - [[33mwarn[0m] javafx.css - Error loading image: file:/Users/lemmi/git/JFXCentral/src/main/resources/com/dlsc/jfxcentral/transparency.png
2021-04-28 17:48:49,546 [INFO] in scala-execution-context-global-60 - [[33mwarn[0m] javafx.css - Error loading image: file:/Users/lemmi/git/JFXCentral/src/main/resources/com/dlsc/jfxcentral/transparency.png
2021-04-28 17:48:49,549 [INFO] in scala-execution-context-global-60 - [[33mwarn[0m] javafx.css - Error loading image: file:/Users/lemmi/git/JFXCentral/src/main/resources/com/dlsc/jfxcentral/transparency.png
2021-04-28 17:48:49,551 [INFO] in scala-execution-context-global-60 - [[33mwarn[0m] javafx.css - Error loading image: file:/Users/lemmi/git/JFXCentral/src/main/resources/com/dlsc/jfxcentral/transparency.png
2021-04-28 17:48:57,725 [INFO] in scala-execution-context-global-48 - [[33mwarn[0m] javafx.css - Error loading image: file:/Users/lemmi/git/JFXCentral/src/main/resources/com/dlsc/jfxcentral/transparency.png
2021-04-28 17:48:57,726 [INFO] in scala-execution-context-global-48 - [[33mwarn[0m] javafx.css - Error loading image: file:/Users/lemmi/git/JFXCentral/src/main/resources/com/dlsc/jfxcentral/transparency.png
2021-04-28 17:48:57,729 [INFO] in scala-execution-context-global-48 - [[33mwarn[0m] javafx.css - Error loading image: file:/Users/lemmi/git/JFXCentral/src/main/resources/com/dlsc/jfxcentral/transparency.png
2021-04-28 17:48:57,731 [INFO] in scala-execution-context-global-48 - [[33mwarn[0m] javafx.css - Error loading image: file:/Users/lemmi/git/JFXCentral/src/main/resources/com/dlsc/jfxcentral/transparency.png
2021-04-28 17:48:57,740 [INFO] in scala-execution-context-global-48 - [[33mwarn[0m] javafx.css - Error loading image: file:/Users/lemmi/git/JFXCentral/src/main/resources/com/dlsc/jfxcentral/transparency.png
2021-04-28 17:49:00,090 [INFO] in scala-execution-context-global-48 - [[33mwarn[0m] javafx.css - Error loading image: file:/Users/lemmi/git/JFXCentral/src/main/resources/com/dlsc/jfxcentral/transparency.png
2021-04-28 17:49:34,025 [INFO] in scala-execution-context-global-60 - [[37minfo[0m] c.j.i.s.ViewInfo$ - 
2021-04-28 17:49:34,025 [INFO] in scala-execution-context-global-60 - [[37minfo[0m] c.j.i.s.ViewInfo$ - Application closed:
2021-04-28 17:49:34,026 [INFO] in scala-execution-context-global-60 - [[37minfo[0m] c.j.i.s.ViewInfo$ - startTime      : Wed Apr 28 17:49:34 CEST 2021      
2021-04-28 17:49:34,026 [INFO] in scala-execution-context-global-60 - [[37minfo[0m] c.j.i.s.ViewInfo$ - averageLatency : 00:00:00.000 
2021-04-28 17:49:34,026 [INFO] in scala-execution-context-global-60 - [[37minfo[0m] c.j.i.s.ViewInfo$ - averageJitter  : 00:00:00.000  
2021-04-28 17:49:34,026 [INFO] in scala-execution-context-global-60 - [[37minfo[0m] c.j.i.s.ViewInfo$ - framerateServer: 00:00:00.000
2021-04-28 17:49:34,026 [INFO] in scala-execution-context-global-60 - [[37minfo[0m] c.j.i.s.ViewInfo$ - framerateClient: 00:00:00.000
2021-04-28 17:49:34,026 [INFO] in scala-execution-context-global-60 - [[37minfo[0m] c.j.i.s.ViewInfo$ - raw            : 1019964
2021-04-28 17:49:34,026 [INFO] in scala-execution-context-global-60 - [[37minfo[0m] c.j.i.s.ViewInfo$ - zipped         : 213491
2021-04-28 17:49:34,027 [INFO] in scala-execution-context-global-60 - [[37minfo[0m] c.j.i.s.ViewInfo$ - 
2021-04-28 17:49:34,115 [INFO] in scala-execution-context-global-60 - [[37minfo[0m] c.jpro - application requested: 0!default
2021-04-28 17:49:34,116 [INFO] in scala-execution-context-global-60 - [[37minfo[0m] c.jpro - Creating Application: 0!default
2021-04-28 17:49:34,116 [INFO] in scala-execution-context-global-60 - [[37minfo[0m] c.jpro - remoteAddress 0:0:0:0:0:0:0:1
2021-04-28 17:49:34,116 [INFO] in scala-execution-context-global-60 - [[37minfo[0m] c.jpro - host          localhost:8080
2021-04-28 17:49:34,116 [INFO] in scala-execution-context-global-60 - [[37minfo[0m] c.jpro - uri           /app/0!default
2021-04-28 17:49:34,146 [INFO] in scala-execution-context-global-60 - [[37minfo[0m] c.j.i.s.ViewSerializerActor - appdef: AppByMain(default,com.dlsc.jfxcentral.JFXCentralApp,None,NamedClassLoader(system),false) clientinfo: ClientInfo(http://localhost:8080/,http://localhost:8080/app/default,1350.0,1258.0,false,de-DE,List(de-DE, de, en-US, en),,Map(Idea-d7aa4c39 -> 8fa5218e-91c4-4fa4-9333-c2776997ae0f, Idea-d7aa4c38 -> b1f1db1d-da56-4a65-9122-4f19ba934dac),Map(Host -> List(localhost:8080), Cookie -> List(Idea-d7aa4c38=b1f1db1d-da56-4a65-9122-4f19ba934dac; Idea-d7aa4c39=8fa5218e-91c4-4fa4-9333-c2776997ae0f), Origin -> List(http://localhost:8080), Pragma -> List(no-cache), Upgrade -> List(websocket), Connection -> List(Upgrade), User-Agent -> List(Mozilla/5.0 (Macintosh; Intel Mac OS X 10_15_7) AppleWebKit/537.36 (KHTML, like Gecko) Chrome/90.0.4430.93 Safari/537.36), Cache-Control -> List(no-cache), Remote-Address -> List(0:0:0:0:0:0:0:1:63688), Timeout-Access -> List(<function1>), Accept-Encoding -> List(gzip, deflate, br), Accept-Language -> List(de-DE,de;q=0.9,en-US;q=0.8,en;q=0.7), Raw-Request-URI -> List(/app/0!default), Tls-Session-Info -> List(Session(1619624861461|SSL_NULL_WITH_NULL_NULL)), Sec-WebSocket-Key -> List(6KT8K7j1WYQo4TOVoAXpvA==), UpgradeToWebSocket -> List(), Sec-WebSocket-Version -> List(13), Sec-WebSocket-Extensions -> List(permessage-deflate; client_max_window_bits)))out: Actor[akka://application/system/Materializers/StreamSupervisor-0/$$w-actorRefSource#1892671374]
2021-04-28 17:49:34,147 [INFO] in scala-execution-context-global-60 - [[33mwarn[0m] c.g.a.u.i.DefaultServiceFactory - No new instance for interface com.gluonhq.attach.orientation.OrientationService and class com.gluonhq.attach.orientation.impl.DesktopOrientationService
2021-04-28 17:49:34,147 [INFO] in scala-execution-context-global-60 - [[33mwarn[0m] c.g.a.u.i.DefaultServiceFactory - No new instance for interface com.gluonhq.attach.audio.AudioService and class com.gluonhq.attach.audio.impl.DesktopAudioService
2021-04-28 17:49:34,147 [INFO] in scala-execution-context-global-60 - starting
2021-04-28 17:49:34,148 [INFO] in scala-execution-context-global-60 - [[33mwarn[0m] c.g.a.u.i.DefaultServiceFactory - No new instance for interface com.gluonhq.attach.display.DisplayService and class com.gluonhq.attach.display.impl.DesktopDisplayService
2021-04-28 17:49:34,153 [INFO] in scala-execution-context-global-60 - [[37minfo[0m] javafx.css - Could not load @font-face font [file:/Users/lemmi/git/JFXCentral/target/classes/com/dlsc/jfxcentral/fonts/OpenSans-Regular.ttf]
2021-04-28 17:49:34,153 [INFO] in scala-execution-context-global-60 - [[37minfo[0m] javafx.css - Could not load @font-face font [file:/Users/lemmi/git/JFXCentral/target/classes/com/dlsc/jfxcentral/fonts/OpenSans-Italic.ttf]
2021-04-28 17:49:34,153 [INFO] in scala-execution-context-global-60 - [[37minfo[0m] javafx.css - Could not load @font-face font [file:/Users/lemmi/git/JFXCentral/target/classes/com/dlsc/jfxcentral/fonts/OpenSans-Bold.ttf]
2021-04-28 17:49:34,153 [INFO] in scala-execution-context-global-60 - [[37minfo[0m] javafx.css - Could not load @font-face font [file:/Users/lemmi/git/JFXCentral/target/classes/com/dlsc/jfxcentral/fonts/OpenSans-SemiBold.ttf]
2021-04-28 17:49:34,176 [INFO] in scala-execution-context-global-60 - [[37minfo[0m] com.jpro.JS - received msg: new MainID: 163 userid: 542322263
2021-04-28 17:49:35,888 [INFO] in scala-execution-context-global-48 - stopping
2021-04-28 17:49:37,232 [INFO] in scala-execution-context-global-60 - [[33mwarn[0m] javafx.css - Caught java.lang.IllegalArgumentException: Parsed value is not an Effect' while calculating value for '-fx-effect' from rule '*.section-pane' in stylesheet file:/Users/lemmi/git/JFXCentral/src/main/resources/com/dlsc/jfxcentral/styles.css
2021-04-28 17:49:37,236 [INFO] in scala-execution-context-global-60 - [[33mwarn[0m] javafx.css - Caught java.lang.IllegalArgumentException: Parsed value is not an Effect' while calculating value for '-fx-effect' from rule '*.section-pane' in stylesheet file:/Users/lemmi/git/JFXCentral/src/main/resources/com/dlsc/jfxcentral/styles.css
2021-04-28 17:49:37,242 [INFO] in scala-execution-context-global-60 - [[33mwarn[0m] javafx.css - Caught java.lang.IllegalArgumentException: Parsed value is not an Effect' while calculating value for '-fx-effect' from rule '*.section-pane' in stylesheet file:/Users/lemmi/git/JFXCentral/src/main/resources/com/dlsc/jfxcentral/styles.css
2021-04-28 17:49:37,244 [INFO] in scala-execution-context-global-60 - [[33mwarn[0m] javafx.css - Caught java.lang.IllegalArgumentException: Parsed value is not an Effect' while calculating value for '-fx-effect' from rule '*.section-pane' in stylesheet file:/Users/lemmi/git/JFXCentral/src/main/resources/com/dlsc/jfxcentral/styles.css
2021-04-28 17:49:37,252 [INFO] in scala-execution-context-global-60 - [[33mwarn[0m] javafx.css - Error loading image: file:/Users/lemmi/git/JFXCentral/target/classes/com/dlsc/jfxcentral/transparency.png
2021-04-28 17:49:37,257 [INFO] in scala-execution-context-global-60 - [[33mwarn[0m] javafx.css - Error loading image: file:/Users/lemmi/git/JFXCentral/target/classes/com/dlsc/jfxcentral/transparency.png
2021-04-28 17:49:37,262 [INFO] in scala-execution-context-global-60 - [[33mwarn[0m] javafx.css - Error loading image: file:/Users/lemmi/git/JFXCentral/target/classes/com/dlsc/jfxcentral/transparency.png
2021-04-28 17:49:37,311 [INFO] in scala-execution-context-global-60 - [[33mwarn[0m] javafx.css - Error loading image: file:/Users/lemmi/git/JFXCentral/target/classes/com/dlsc/jfxcentral/transparency.png
2021-04-28 17:49:37,354 [INFO] in scala-execution-context-global-60 - [[33mwarn[0m] javafx.css - Error loading image: file:/Users/lemmi/git/JFXCentral/target/classes/com/dlsc/jfxcentral/transparency.png
2021-04-28 17:49:37,362 [INFO] in scala-execution-context-global-48 - [[33mwarn[0m] javafx.css - Error loading image: file:/Users/lemmi/git/JFXCentral/src/main/resources/com/dlsc/jfxcentral/transparency.png
2021-04-28 17:49:37,363 [INFO] in scala-execution-context-global-48 - [[33mwarn[0m] javafx.css - Error loading image: file:/Users/lemmi/git/JFXCentral/src/main/resources/com/dlsc/jfxcentral/transparency.png
2021-04-28 17:49:37,365 [INFO] in scala-execution-context-global-48 - [[33mwarn[0m] javafx.css - Error loading image: file:/Users/lemmi/git/JFXCentral/src/main/resources/com/dlsc/jfxcentral/transparency.png
2021-04-28 17:49:37,367 [INFO] in scala-execution-context-global-48 - [[33mwarn[0m] javafx.css - Error loading image: file:/Users/lemmi/git/JFXCentral/src/main/resources/com/dlsc/jfxcentral/transparency.png
2021-04-28 17:49:38,730 [INFO] in scala-execution-context-global-60 - [[33mwarn[0m] javafx.css - Error loading image: file:/Users/lemmi/git/JFXCentral/src/main/resources/com/dlsc/jfxcentral/transparency.png
2021-04-28 17:49:38,731 [INFO] in scala-execution-context-global-60 - [[33mwarn[0m] javafx.css - Error loading image: file:/Users/lemmi/git/JFXCentral/src/main/resources/com/dlsc/jfxcentral/transparency.png
2021-04-28 17:49:38,733 [INFO] in scala-execution-context-global-60 - [[33mwarn[0m] javafx.css - Error loading image: file:/Users/lemmi/git/JFXCentral/src/main/resources/com/dlsc/jfxcentral/transparency.png
2021-04-28 17:49:38,735 [INFO] in scala-execution-context-global-60 - [[33mwarn[0m] javafx.css - Error loading image: file:/Users/lemmi/git/JFXCentral/src/main/resources/com/dlsc/jfxcentral/transparency.png
2021-04-28 17:49:38,742 [INFO] in scala-execution-context-global-60 - [[33mwarn[0m] javafx.css - Error loading image: file:/Users/lemmi/git/JFXCentral/src/main/resources/com/dlsc/jfxcentral/transparency.png
2021-04-28 17:49:56,945 [INFO] in scala-execution-context-global-60 - [[37minfo[0m] c.j.i.s.ViewInfo$ - 
2021-04-28 17:49:56,946 [INFO] in scala-execution-context-global-60 - [[37minfo[0m] c.j.i.s.ViewInfo$ - Application closed:
2021-04-28 17:49:56,946 [INFO] in scala-execution-context-global-60 - [[37minfo[0m] c.j.i.s.ViewInfo$ - startTime      : Wed Apr 28 17:49:56 CEST 2021      
2021-04-28 17:49:56,946 [INFO] in scala-execution-context-global-60 - [[37minfo[0m] c.j.i.s.ViewInfo$ - averageLatency : 00:00:00.001 
2021-04-28 17:49:56,946 [INFO] in scala-execution-context-global-60 - [[37minfo[0m] c.j.i.s.ViewInfo$ - averageJitter  : 00:00:00.000  
2021-04-28 17:49:56,946 [INFO] in scala-execution-context-global-60 - [[37minfo[0m] c.j.i.s.ViewInfo$ - framerateServer: 00:00:00.000
2021-04-28 17:49:56,946 [INFO] in scala-execution-context-global-60 - [[37minfo[0m] c.j.i.s.ViewInfo$ - framerateClient: 00:00:00.000
2021-04-28 17:49:56,946 [INFO] in scala-execution-context-global-60 - [[37minfo[0m] c.j.i.s.ViewInfo$ - raw            : 1355622
2021-04-28 17:49:56,946 [INFO] in scala-execution-context-global-60 - [[37minfo[0m] c.j.i.s.ViewInfo$ - zipped         : 338177
2021-04-28 17:49:56,946 [INFO] in scala-execution-context-global-60 - [[37minfo[0m] c.j.i.s.ViewInfo$ - 
2021-04-28 17:49:57,440 [INFO] in scala-execution-context-global-60 - [[37minfo[0m] c.j.i.c.InstanceImpl - closing window!
2021-04-28 17:50:46,206 [INFO] in scala-execution-context-global-60 - [[37minfo[0m] c.j.i.c.InstanceImpl - closing window!
2021-04-28 17:50:47,535 [INFO] in scala-execution-context-global-60 - [[33mwarn[0m] javafx.css - Error loading image: file:/Users/lemmi/git/JFXCentral/src/main/resources/com/dlsc/jfxcentral/transparency.png
2021-04-28 17:50:47,615 [INFO] in scala-execution-context-global-60 - [[33mwarn[0m] c.g.a.u.i.DefaultServiceFactory - No new instance for interface com.gluonhq.attach.browser.BrowserService and class com.gluonhq.attach.browser.impl.DesktopBrowserService
2021-04-28 17:50:47,767 [ERROR] in scala-execution-context-global-60 - java.io.IOException: Failed to mail or browse . Error code: -50
2021-04-28 17:50:47,767 [ERROR] in scala-execution-context-global-60 - 	at java.desktop/sun.lwawt.macosx.CDesktopPeer.lsOpen(CDesktopPeer.java:169)
2021-04-28 17:50:47,767 [ERROR] in scala-execution-context-global-60 - 	at java.desktop/sun.lwawt.macosx.CDesktopPeer.browse(CDesktopPeer.java:74)
2021-04-28 17:50:47,767 [ERROR] in scala-execution-context-global-60 - 	at java.desktop/java.awt.Desktop.browse(Desktop.java:526)
2021-04-28 17:50:47,767 [ERROR] in scala-execution-context-global-60 - 	at com.dlsc.jfxcentral.util.Util.lambda$browse$1(Util.java:26)
2021-04-28 17:50:47,767 [ERROR] in scala-execution-context-global-60 - 	at java.base/java.util.Optional.ifPresentOrElse(Optional.java:203)
2021-04-28 17:50:47,767 [ERROR] in scala-execution-context-global-60 - 	at com.dlsc.jfxcentral.util.Util.browse(Util.java:13)
2021-04-28 17:50:47,767 [ERROR] in scala-execution-context-global-60 - 	at com.dlsc.jfxcentral.views.PersonView.lambda$updateView$5(PersonView.java:152)
2021-04-28 17:50:47,767 [ERROR] in scala-execution-context-global-60 - 	at com.sun.javafx.event.CompositeEventHandler.dispatchBubblingEvent(CompositeEventHandler.java:86)
2021-04-28 17:50:47,767 [ERROR] in scala-execution-context-global-60 - 	at com.sun.javafx.event.EventHandlerManager.dispatchBubblingEvent(EventHandlerManager.java:234)
2021-04-28 17:50:47,767 [ERROR] in scala-execution-context-global-60 - 	at com.sun.javafx.event.EventHandlerManager.dispatchBubblingEvent(EventHandlerManager.java:191)
2021-04-28 17:50:47,767 [ERROR] in scala-execution-context-global-60 - 	at com.sun.javafx.event.CompositeEventDispatcher.dispatchBubblingEvent(CompositeEventDispatcher.java:59)
2021-04-28 17:50:47,767 [ERROR] in scala-execution-context-global-60 - 	at com.sun.javafx.event.BasicEventDispatcher.dispatchEvent(BasicEventDispatcher.java:58)
2021-04-28 17:50:47,767 [ERROR] in scala-execution-context-global-60 - 	at com.sun.javafx.event.EventDispatchChainImpl.dispatchEvent(EventDispatchChainImpl.java:114)
2021-04-28 17:50:47,767 [ERROR] in scala-execution-context-global-60 - 	at com.sun.javafx.event.BasicEventDispatcher.dispatchEvent(BasicEventDispatcher.java:56)
2021-04-28 17:50:47,767 [ERROR] in scala-execution-context-global-60 - 	at com.sun.javafx.event.EventDispatchChainImpl.dispatchEvent(EventDispatchChainImpl.java:114)
2021-04-28 17:50:47,767 [ERROR] in scala-execution-context-global-60 - 	at com.sun.javafx.event.BasicEventDispatcher.dispatchEvent(BasicEventDispatcher.java:56)
2021-04-28 17:50:47,767 [ERROR] in scala-execution-context-global-60 - 	at com.sun.javafx.event.EventDispatchChainImpl.dispatchEvent(EventDispatchChainImpl.java:114)
2021-04-28 17:50:47,768 [ERROR] in scala-execution-context-global-60 - 	at com.sun.javafx.event.BasicEventDispatcher.dispatchEvent(BasicEventDispatcher.java:56)
2021-04-28 17:50:47,768 [ERROR] in scala-execution-context-global-60 - 	at com.sun.javafx.event.EventDispatchChainImpl.dispatchEvent(EventDispatchChainImpl.java:114)
2021-04-28 17:50:47,768 [ERROR] in scala-execution-context-global-60 - 	at com.sun.javafx.event.EventUtil.fireEventImpl(EventUtil.java:74)
2021-04-28 17:50:47,768 [ERROR] in scala-execution-context-global-60 - 	at com.sun.javafx.event.EventUtil.fireEvent(EventUtil.java:49)
2021-04-28 17:50:47,768 [ERROR] in scala-execution-context-global-60 - 	at javafx.event.Event.fireEvent(Event.java:198)
2021-04-28 17:50:47,768 [ERROR] in scala-execution-context-global-60 - 	at javafx.scene.Node.fireEvent(Node.java:8886)
2021-04-28 17:50:47,768 [ERROR] in scala-execution-context-global-60 - 	at javafx.scene.control.Button.fire(Button.java:203)
2021-04-28 17:50:47,768 [ERROR] in scala-execution-context-global-153 - 	at com.sun.javafx.scene.control.behavior.ButtonBehavior.mouseReleased(ButtonBehavior.java:208)
2021-04-28 17:50:47,768 [ERROR] in scala-execution-context-global-153 - 	at com.sun.javafx.scene.control.inputmap.InputMap.handle(InputMap.java:274)
2021-04-28 17:50:47,768 [ERROR] in scala-execution-context-global-153 - 	at com.sun.javafx.event.CompositeEventHandler$NormalEventHandlerRecord.handleBubblingEvent(CompositeEventHandler.java:247)
2021-04-28 17:50:47,768 [ERROR] in scala-execution-context-global-153 - 	at com.sun.javafx.event.CompositeEventHandler.dispatchBubblingEvent(CompositeEventHandler.java:80)
2021-04-28 17:50:47,768 [ERROR] in scala-execution-context-global-153 - 	at com.sun.javafx.event.EventHandlerManager.dispatchBubblingEvent(EventHandlerManager.java:234)
2021-04-28 17:50:47,768 [ERROR] in scala-execution-context-global-153 - 	at com.sun.javafx.event.EventHandlerManager.dispatchBubblingEvent(EventHandlerManager.java:191)
2021-04-28 17:50:47,768 [ERROR] in scala-execution-context-global-153 - 	at com.sun.javafx.event.CompositeEventDispatcher.dispatchBubblingEvent(CompositeEventDispatcher.java:59)
2021-04-28 17:50:47,768 [ERROR] in scala-execution-context-global-153 - 	at com.sun.javafx.event.BasicEventDispatcher.dispatchEvent(BasicEventDispatcher.java:58)
2021-04-28 17:50:47,768 [ERROR] in scala-execution-context-global-153 - 	at com.sun.javafx.event.EventDispatchChainImpl.dispatchEvent(EventDispatchChainImpl.java:114)
2021-04-28 17:50:47,768 [ERROR] in scala-execution-context-global-153 - 	at com.sun.javafx.event.BasicEventDispatcher.dispatchEvent(BasicEventDispatcher.java:56)
2021-04-28 17:50:47,768 [ERROR] in scala-execution-context-global-153 - 	at com.sun.javafx.event.EventDispatchChainImpl.dispatchEvent(EventDispatchChainImpl.java:114)
2021-04-28 17:50:47,768 [ERROR] in scala-execution-context-global-153 - 	at com.sun.javafx.event.BasicEventDispatcher.dispatchEvent(BasicEventDispatcher.java:56)
2021-04-28 17:50:47,768 [ERROR] in scala-execution-context-global-153 - 	at com.sun.javafx.event.EventDispatchChainImpl.dispatchEvent(EventDispatchChainImpl.java:114)
2021-04-28 17:50:47,768 [ERROR] in scala-execution-context-global-153 - 	at com.sun.javafx.event.BasicEventDispatcher.dispatchEvent(BasicEventDispatcher.java:56)
2021-04-28 17:50:47,768 [ERROR] in scala-execution-context-global-153 - 	at com.sun.javafx.event.EventDispatchChainImpl.dispatchEvent(EventDispatchChainImpl.java:114)
2021-04-28 17:50:47,768 [ERROR] in scala-execution-context-global-153 - 	at com.sun.javafx.event.EventUtil.fireEventImpl(EventUtil.java:74)
2021-04-28 17:50:47,768 [ERROR] in scala-execution-context-global-153 - 	at com.sun.javafx.event.EventUtil.fireEvent(EventUtil.java:54)
2021-04-28 17:50:47,768 [ERROR] in scala-execution-context-global-153 - 	at javafx.event.Event.fireEvent(Event.java:198)
2021-04-28 17:50:47,768 [ERROR] in scala-execution-context-global-153 - 	at javafx.scene.Scene$MouseHandler.process(Scene.java:3886)
2021-04-28 17:50:47,768 [ERROR] in scala-execution-context-global-153 - 	at javafx.scene.Scene.processMouseEvent(Scene.java:1874)
2021-04-28 17:50:47,768 [ERROR] in scala-execution-context-global-153 - 	at javafx.scene.Scene$ScenePeerListener.mouseEvent(Scene.java:2614)
2021-04-28 17:50:47,768 [ERROR] in scala-execution-context-global-153 - 	at com.sun.javafx.tk.quantum.GlassViewEventHandler$MouseEventNotification.run(GlassViewEventHandler.java:409)
2021-04-28 17:50:47,768 [ERROR] in scala-execution-context-global-153 - 	at com.sun.javafx.tk.quantum.GlassViewEventHandler$MouseEventNotification.run(GlassViewEventHandler.java:299)
2021-04-28 17:50:47,768 [ERROR] in scala-execution-context-global-153 - 	at java.base/java.security.AccessController.doPrivileged(Native Method)
2021-04-28 17:50:47,768 [ERROR] in scala-execution-context-global-153 - 	at com.sun.javafx.tk.quantum.GlassViewEventHandler.lambda$handleMouseEvent$2(GlassViewEventHandler.java:447)
2021-04-28 17:50:47,768 [ERROR] in scala-execution-context-global-153 - 	at com.sun.javafx.tk.quantum.QuantumToolkit.runWithoutRenderLock(QuantumToolkit.java:418)
2021-04-28 17:50:47,768 [ERROR] in scala-execution-context-global-153 - 	at com.sun.javafx.tk.quantum.GlassViewEventHandler.handleMouseEvent(GlassViewEventHandler.java:446)
2021-04-28 17:50:47,768 [ERROR] in scala-execution-context-global-153 - 	at com.sun.glass.ui.View.handleMouseEvent(View.java:556)
2021-04-28 17:50:47,768 [ERROR] in scala-execution-context-global-153 - 	at com.sun.glass.ui.View.notifyMouse(View.java:942)
2021-04-28 17:50:47,768 [ERROR] in scala-execution-context-global-153 - 	at com.sun.glass.ui.monocle.MonocleView.notifyMouse(MonocleView.java:116)
2021-04-28 17:50:47,768 [ERROR] in scala-execution-context-global-153 - 	at jdk.internal.reflect.GeneratedMethodAccessor15.invoke(Unknown Source)
2021-04-28 17:50:47,768 [ERROR] in scala-execution-context-global-153 - 	at java.base/jdk.internal.reflect.DelegatingMethodAccessorImpl.invoke(DelegatingMethodAccessorImpl.java:43)
2021-04-28 17:50:47,768 [ERROR] in scala-execution-context-global-153 - 	at java.base/java.lang.reflect.Method.invoke(Method.java:566)
2021-04-28 17:50:47,768 [ERROR] in scala-execution-context-global-153 - 	at simplefx.util.ReflectionUtil$UseReflection.applyDynamic(ReflectionUtil.scala:21)
2021-04-28 17:50:47,768 [ERROR] in scala-execution-context-global-153 - 	at com.sun.glass.ui.monocle.input.fork.NativeMouseInput.notifyMouse(NativeMouseInput.scala:330)
2021-04-28 17:50:47,768 [ERROR] in scala-execution-context-global-153 - 	at com.sun.glass.ui.monocle.input.fork.NativeMouseInput.postMouseEvent(NativeMouseInput.scala:226)
2021-04-28 17:50:47,768 [ERROR] in scala-execution-context-global-153 - 	at com.sun.glass.ui.monocle.input.fork.NativeMouseInput.setState(NativeMouseInput.scala:186)
2021-04-28 17:50:47,768 [ERROR] in scala-execution-context-global-153 - 	at jdk.internal.reflect.GeneratedMethodAccessor14.invoke(Unknown Source)
2021-04-28 17:50:47,768 [ERROR] in scala-execution-context-global-153 - 	at java.base/jdk.internal.reflect.DelegatingMethodAccessorImpl.invoke(DelegatingMethodAccessorImpl.java:43)
2021-04-28 17:50:47,768 [ERROR] in scala-execution-context-global-153 - 	at java.base/java.lang.reflect.Method.invoke(Method.java:566)
2021-04-28 17:50:47,768 [ERROR] in scala-execution-context-global-153 - 	at simplefx.util.ReflectionUtil$UseReflection.applyDynamic(ReflectionUtil.scala:21)
2021-04-28 17:50:47,768 [ERROR] in scala-execution-context-global-153 - 	at com.jpro.meta.tk.SceneInputListener.processInputInScene(SceneInputListener.scala:213)
2021-04-28 17:50:47,768 [ERROR] in scala-execution-context-global-153 - 	at com.jpro.meta.tk.SceneInputListener.processInput(SceneInputListener.scala:129)
2021-04-28 17:50:47,768 [ERROR] in scala-execution-context-global-153 - 	at com.jpro.meta.tk.SceneInputListener.processInputs(SceneInputListener.scala:108)
2021-04-28 17:50:47,768 [ERROR] in scala-execution-context-global-153 - 	at com.jpro.meta.tk.SceneInputListener.$anonfun$new$4(SceneInputListener.scala:42)
2021-04-28 17:50:47,768 [ERROR] in scala-execution-context-global-153 - 	at simplefx.cores.standard.parts.CoreTimeEvent.$anonfun$runAsAnimation$1(CoreTimeEvent.scala:64)
2021-04-28 17:50:47,768 [ERROR] in scala-execution-context-global-153 - 	at simplefx.cores.standard.parts.CoreTimeEvent$$anon$2.handle(CoreTimeEvent.scala:46)
2021-04-28 17:50:47,768 [ERROR] in scala-execution-context-global-153 - 	at javafx.animation.AnimationTimer$AnimationTimerReceiver.lambda$handle$0(AnimationTimer.java:57)
2021-04-28 17:50:47,768 [ERROR] in scala-execution-context-global-153 - 	at java.base/java.security.AccessController.doPrivileged(Native Method)
2021-04-28 17:50:47,768 [ERROR] in scala-execution-context-global-153 - 	at javafx.animation.AnimationTimer$AnimationTimerReceiver.handle(AnimationTimer.java:56)
2021-04-28 17:50:47,768 [ERROR] in scala-execution-context-global-153 - 	at com.sun.scenario.animation.AbstractMasterTimer.timePulseImpl(AbstractMasterTimer.java:357)
2021-04-28 17:50:47,768 [ERROR] in scala-execution-context-global-153 - 	at com.sun.scenario.animation.AbstractMasterTimer$MainLoop.run(AbstractMasterTimer.java:267)
2021-04-28 17:50:47,768 [ERROR] in scala-execution-context-global-153 - 	at com.sun.javafx.tk.quantum.QuantumToolkit.pulse(QuantumToolkit.java:569)
2021-04-28 17:50:47,768 [ERROR] in scala-execution-context-global-153 - 	at com.sun.javafx.tk.quantum.QuantumToolkit.pulse(QuantumToolkit.java:553)
2021-04-28 17:50:47,768 [ERROR] in scala-execution-context-global-153 - 	at com.sun.javafx.tk.quantum.QuantumToolkit.pulseFromQueue(QuantumToolkit.java:546)
2021-04-28 17:50:47,769 [ERROR] in scala-execution-context-global-153 - 	at com.sun.javafx.tk.quantum.QuantumToolkit.lambda$runToolkit$12(QuantumToolkit.java:348)
2021-04-28 17:50:47,769 [ERROR] in scala-execution-context-global-153 - 	at com.sun.glass.ui.monocle.RunnableProcessor.runLoop(RunnableProcessor.java:92)
2021-04-28 17:50:47,769 [ERROR] in scala-execution-context-global-153 - 	at com.sun.glass.ui.monocle.RunnableProcessor.run(RunnableProcessor.java:51)
2021-04-28 17:50:47,769 [ERROR] in scala-execution-context-global-153 - 	at java.base/java.lang.Thread.run(Thread.java:829)
2021-04-28 17:50:50,862 [INFO] in scala-execution-context-global-153 - [[33mwarn[0m] c.g.a.u.i.DefaultServiceFactory - No new instance for interface com.gluonhq.attach.browser.BrowserService and class com.gluonhq.attach.browser.impl.DesktopBrowserService
2021-04-28 17:50:56,318 [INFO] in scala-execution-context-global-153 - [[33mwarn[0m] c.g.a.u.i.DefaultServiceFactory - No new instance for interface com.gluonhq.attach.browser.BrowserService and class com.gluonhq.attach.browser.impl.DesktopBrowserService
2021-04-28 17:51:20,304 [INFO] in scala-execution-context-global-153 - [[37minfo[0m] c.j.i.s.ViewInfo$ - 
2021-04-28 17:51:20,304 [INFO] in scala-execution-context-global-153 - [[37minfo[0m] c.j.i.s.ViewInfo$ - Application closed:
2021-04-28 17:51:20,304 [INFO] in scala-execution-context-global-153 - [[37minfo[0m] c.j.i.s.ViewInfo$ - startTime      : Wed Apr 28 17:51:20 CEST 2021      
2021-04-28 17:51:20,304 [INFO] in scala-execution-context-global-153 - [[37minfo[0m] c.j.i.s.ViewInfo$ - averageLatency : 00:00:00.000 
2021-04-28 17:51:20,304 [INFO] in scala-execution-context-global-153 - [[37minfo[0m] c.j.i.s.ViewInfo$ - averageJitter  : 00:00:00.000  
2021-04-28 17:51:20,304 [INFO] in scala-execution-context-global-153 - [[37minfo[0m] c.j.i.s.ViewInfo$ - framerateServer: 00:00:00.000
2021-04-28 17:51:20,304 [INFO] in scala-execution-context-global-153 - [[37minfo[0m] c.j.i.s.ViewInfo$ - framerateClient: 00:00:00.000
2021-04-28 17:51:20,304 [INFO] in scala-execution-context-global-153 - [[37minfo[0m] c.j.i.s.ViewInfo$ - raw            : 848950
2021-04-28 17:51:20,304 [INFO] in scala-execution-context-global-153 - [[37minfo[0m] c.j.i.s.ViewInfo$ - zipped         : 200996
2021-04-28 17:51:20,304 [INFO] in scala-execution-context-global-153 - [[37minfo[0m] c.j.i.s.ViewInfo$ - 
2021-04-28 17:51:20,392 [INFO] in scala-execution-context-global-153 - [[37minfo[0m] c.jpro - application requested: 0!default
2021-04-28 17:51:20,392 [INFO] in scala-execution-context-global-153 - [[37minfo[0m] c.jpro - Creating Application: 0!default
2021-04-28 17:51:20,392 [INFO] in scala-execution-context-global-153 - [[37minfo[0m] c.jpro - remoteAddress 0:0:0:0:0:0:0:1
2021-04-28 17:51:20,392 [INFO] in scala-execution-context-global-153 - [[37minfo[0m] c.jpro - host          localhost:8080
2021-04-28 17:51:20,392 [INFO] in scala-execution-context-global-153 - [[37minfo[0m] c.jpro - uri           /app/0!default
2021-04-28 17:51:20,415 [INFO] in scala-execution-context-global-153 - [[37minfo[0m] c.j.i.s.ViewSerializerActor - appdef: AppByMain(default,com.dlsc.jfxcentral.JFXCentralApp,None,NamedClassLoader(system),false) clientinfo: ClientInfo(http://localhost:8080/,http://localhost:8080/app/default,1350.0,1258.0,false,de-DE,List(de-DE, de, en-US, en),,Map(Idea-d7aa4c39 -> 8fa5218e-91c4-4fa4-9333-c2776997ae0f, Idea-d7aa4c38 -> b1f1db1d-da56-4a65-9122-4f19ba934dac),Map(Host -> List(localhost:8080), Cookie -> List(Idea-d7aa4c38=b1f1db1d-da56-4a65-9122-4f19ba934dac; Idea-d7aa4c39=8fa5218e-91c4-4fa4-9333-c2776997ae0f), Origin -> List(http://localhost:8080), Pragma -> List(no-cache), Upgrade -> List(websocket), Connection -> List(Upgrade), User-Agent -> List(Mozilla/5.0 (Macintosh; Intel Mac OS X 10_15_7) AppleWebKit/537.36 (KHTML, like Gecko) Chrome/90.0.4430.93 Safari/537.36), Cache-Control -> List(no-cache), Remote-Address -> List(0:0:0:0:0:0:0:1:63742), Timeout-Access -> List(<function1>), Accept-Encoding -> List(gzip, deflate, br), Accept-Language -> List(de-DE,de;q=0.9,en-US;q=0.8,en;q=0.7), Raw-Request-URI -> List(/app/0!default), Tls-Session-Info -> List(Session(1619624861461|SSL_NULL_WITH_NULL_NULL)), Sec-WebSocket-Key -> List(s9apJHbyRKbKCOK38rS0bg==), UpgradeToWebSocket -> List(), Sec-WebSocket-Version -> List(13), Sec-WebSocket-Extensions -> List(permessage-deflate; client_max_window_bits)))out: Actor[akka://application/system/Materializers/StreamSupervisor-0/$$z-actorRefSource#-1432595333]
2021-04-28 17:51:20,416 [INFO] in scala-execution-context-global-153 - [[33mwarn[0m] c.g.a.u.i.DefaultServiceFactory - No new instance for interface com.gluonhq.attach.orientation.OrientationService and class com.gluonhq.attach.orientation.impl.DesktopOrientationService
2021-04-28 17:51:20,416 [INFO] in scala-execution-context-global-153 - [[33mwarn[0m] c.g.a.u.i.DefaultServiceFactory - No new instance for interface com.gluonhq.attach.audio.AudioService and class com.gluonhq.attach.audio.impl.DesktopAudioService
2021-04-28 17:51:20,416 [INFO] in scala-execution-context-global-153 - starting
2021-04-28 17:51:20,416 [INFO] in scala-execution-context-global-153 - [[33mwarn[0m] c.g.a.u.i.DefaultServiceFactory - No new instance for interface com.gluonhq.attach.display.DisplayService and class com.gluonhq.attach.display.impl.DesktopDisplayService
2021-04-28 17:51:20,421 [INFO] in scala-execution-context-global-153 - [[37minfo[0m] javafx.css - Could not load @font-face font [file:/Users/lemmi/git/JFXCentral/target/classes/com/dlsc/jfxcentral/fonts/OpenSans-Regular.ttf]
2021-04-28 17:51:20,421 [INFO] in scala-execution-context-global-153 - [[37minfo[0m] javafx.css - Could not load @font-face font [file:/Users/lemmi/git/JFXCentral/target/classes/com/dlsc/jfxcentral/fonts/OpenSans-Italic.ttf]
2021-04-28 17:51:20,421 [INFO] in scala-execution-context-global-153 - [[37minfo[0m] javafx.css - Could not load @font-face font [file:/Users/lemmi/git/JFXCentral/target/classes/com/dlsc/jfxcentral/fonts/OpenSans-Bold.ttf]
2021-04-28 17:51:20,421 [INFO] in scala-execution-context-global-153 - [[37minfo[0m] javafx.css - Could not load @font-face font [file:/Users/lemmi/git/JFXCentral/target/classes/com/dlsc/jfxcentral/fonts/OpenSans-SemiBold.ttf]
2021-04-28 17:51:20,444 [INFO] in scala-execution-context-global-48 - [[37minfo[0m] com.jpro.JS - received msg: new MainID: 163 userid: 412577450
2021-04-28 17:51:21,725 [INFO] in scala-execution-context-global-153 - stopping
2021-04-28 17:51:29,642 [INFO] in scala-execution-context-global-153 - [[33mwarn[0m] javafx.css - Caught java.lang.IllegalArgumentException: Parsed value is not an Effect' while calculating value for '-fx-effect' from rule '*.section-pane' in stylesheet file:/Users/lemmi/git/JFXCentral/src/main/resources/com/dlsc/jfxcentral/styles.css
2021-04-28 17:51:29,644 [INFO] in scala-execution-context-global-153 - [[33mwarn[0m] javafx.css - Caught java.lang.IllegalArgumentException: Parsed value is not an Effect' while calculating value for '-fx-effect' from rule '*.section-pane' in stylesheet file:/Users/lemmi/git/JFXCentral/src/main/resources/com/dlsc/jfxcentral/styles.css
2021-04-28 17:51:29,649 [INFO] in scala-execution-context-global-153 - [[33mwarn[0m] javafx.css - Caught java.lang.IllegalArgumentException: Parsed value is not an Effect' while calculating value for '-fx-effect' from rule '*.section-pane' in stylesheet file:/Users/lemmi/git/JFXCentral/src/main/resources/com/dlsc/jfxcentral/styles.css
2021-04-28 17:51:29,650 [INFO] in scala-execution-context-global-153 - [[33mwarn[0m] javafx.css - Caught java.lang.IllegalArgumentException: Parsed value is not an Effect' while calculating value for '-fx-effect' from rule '*.section-pane' in stylesheet file:/Users/lemmi/git/JFXCentral/src/main/resources/com/dlsc/jfxcentral/styles.css
2021-04-28 17:51:29,657 [INFO] in scala-execution-context-global-153 - [[33mwarn[0m] javafx.css - Error loading image: file:/Users/lemmi/git/JFXCentral/target/classes/com/dlsc/jfxcentral/transparency.png
2021-04-28 17:51:29,662 [INFO] in scala-execution-context-global-153 - [[33mwarn[0m] javafx.css - Error loading image: file:/Users/lemmi/git/JFXCentral/target/classes/com/dlsc/jfxcentral/transparency.png
2021-04-28 17:51:29,667 [INFO] in scala-execution-context-global-153 - [[33mwarn[0m] javafx.css - Error loading image: file:/Users/lemmi/git/JFXCentral/target/classes/com/dlsc/jfxcentral/transparency.png
2021-04-28 17:51:29,709 [INFO] in scala-execution-context-global-153 - [[33mwarn[0m] javafx.css - Error loading image: file:/Users/lemmi/git/JFXCentral/target/classes/com/dlsc/jfxcentral/transparency.png
2021-04-28 17:51:29,750 [INFO] in scala-execution-context-global-153 - [[33mwarn[0m] javafx.css - Error loading image: file:/Users/lemmi/git/JFXCentral/target/classes/com/dlsc/jfxcentral/transparency.png
2021-04-28 17:51:29,759 [INFO] in scala-execution-context-global-48 - [[33mwarn[0m] javafx.css - Error loading image: file:/Users/lemmi/git/JFXCentral/src/main/resources/com/dlsc/jfxcentral/transparency.png
2021-04-28 17:51:29,759 [INFO] in scala-execution-context-global-48 - [[33mwarn[0m] javafx.css - Error loading image: file:/Users/lemmi/git/JFXCentral/src/main/resources/com/dlsc/jfxcentral/transparency.png
2021-04-28 17:51:29,762 [INFO] in scala-execution-context-global-48 - [[33mwarn[0m] javafx.css - Error loading image: file:/Users/lemmi/git/JFXCentral/src/main/resources/com/dlsc/jfxcentral/transparency.png
2021-04-28 17:51:29,764 [INFO] in scala-execution-context-global-48 - [[33mwarn[0m] javafx.css - Error loading image: file:/Users/lemmi/git/JFXCentral/src/main/resources/com/dlsc/jfxcentral/transparency.png
2021-04-28 17:51:39,476 [INFO] in scala-execution-context-global-153 - [[33mwarn[0m] javafx.css - Error loading image: file:/Users/lemmi/git/JFXCentral/src/main/resources/com/dlsc/jfxcentral/transparency.png
2021-04-28 17:51:39,477 [INFO] in scala-execution-context-global-153 - [[33mwarn[0m] javafx.css - Error loading image: file:/Users/lemmi/git/JFXCentral/src/main/resources/com/dlsc/jfxcentral/transparency.png
2021-04-28 17:51:39,480 [INFO] in scala-execution-context-global-153 - [[33mwarn[0m] javafx.css - Error loading image: file:/Users/lemmi/git/JFXCentral/src/main/resources/com/dlsc/jfxcentral/transparency.png
2021-04-28 17:51:39,481 [INFO] in scala-execution-context-global-153 - [[33mwarn[0m] javafx.css - Error loading image: file:/Users/lemmi/git/JFXCentral/src/main/resources/com/dlsc/jfxcentral/transparency.png
2021-04-28 17:51:39,489 [INFO] in scala-execution-context-global-153 - [[33mwarn[0m] javafx.css - Error loading image: file:/Users/lemmi/git/JFXCentral/src/main/resources/com/dlsc/jfxcentral/transparency.png
2021-04-28 17:52:00,332 [INFO] in scala-execution-context-global-153 - [[37minfo[0m] c.j.i.c.InstanceImpl - closing window!
2021-04-28 17:52:21,104 [INFO] in scala-execution-context-global-153 - [[33mwarn[0m] javafx.css - Error loading image: file:/Users/lemmi/git/JFXCentral/src/main/resources/com/dlsc/jfxcentral/transparency.png
2021-04-28 18:07:43,776 [INFO] in scala-execution-context-global-153 - [[33mwarn[0m] c.jpro - resource not available: java.io.FileNotFoundException: /var/folders/27/sg00pfrx6xlcr7t1l9zdzsgc0000gn/T/+JXF3936991823708858594.tmp (No such file or directory)
2021-04-28 18:07:43,778 [INFO] in scala-execution-context-global-153 - [[33mwarn[0m] c.jpro - resource not available: java.io.FileNotFoundException: /var/folders/27/sg00pfrx6xlcr7t1l9zdzsgc0000gn/T/+JXF3297662759030855633.tmp (No such file or directory)
2021-04-28 18:07:43,781 [INFO] in scala-execution-context-global-153 - [[33mwarn[0m] c.jpro - resource not available: java.io.FileNotFoundException: /var/folders/27/sg00pfrx6xlcr7t1l9zdzsgc0000gn/T/+JXF6837669036584995448.tmp (No such file or directory)
